2024-07-20 20:22:20.072745 INFO::Writing function arguments to log file
2024-07-20 20:22:20.092582 DEBUG::Function arguments
2024-07-20 20:22:20.10673 DEBUG::Output folder: MaAsLin2_results/order
2024-07-20 20:22:20.10877 DEBUG::Min Abundance: 0.000000
2024-07-20 20:22:20.110225 DEBUG::Min Prevalence: 0.010000
2024-07-20 20:22:20.111976 DEBUG::Normalization: TSS
2024-07-20 20:22:20.113758 DEBUG::Transform: LOG
2024-07-20 20:22:20.115526 DEBUG::Analysis method: LM
2024-07-20 20:22:20.117245 DEBUG::Max significance: 0.050000
2024-07-20 20:22:20.118969 DEBUG::Random effects:
2024-07-20 20:22:20.120721 DEBUG::Fixed effects: Group
2024-07-20 20:22:20.122457 DEBUG::Correction method: BH
2024-07-20 20:22:20.124164 DEBUG::Standardize: TRUE
2024-07-20 20:22:20.12609 DEBUG::Cores: 1
2024-07-20 20:22:20.127554 INFO::Verifying options selected are valid
2024-07-20 20:22:20.182379 INFO::Determining format of input files
2024-07-20 20:22:20.185173 INFO::Input format is data samples as rows and metadata samples as rows
2024-07-20 20:22:20.190394 DEBUG::A total of 10 samples were found in both the data and metadata
2024-07-20 20:22:20.191963 DEBUG::Reordering data/metadata to use same sample ordering
2024-07-20 20:22:20.200261 INFO::Formula for fixed effects: expr ~  Group
2024-07-20 20:22:20.203962 INFO::Filter data based on min abundance and min prevalence
2024-07-20 20:22:20.206768 INFO::Total samples in data: 10
2024-07-20 20:22:20.209514 INFO::Min samples required with min abundance for a feature not to be filtered: 0.100000
2024-07-20 20:22:20.218232 INFO::Total filtered features: 0
2024-07-20 20:22:20.221082 INFO::Filtered feature names from abundance and prevalence filtering:
2024-07-20 20:22:20.236717 INFO::Total filtered features with variance filtering: 0
2024-07-20 20:22:20.239748 INFO::Filtered feature names from variance filtering:
2024-07-20 20:22:20.242453 INFO::Running selected normalization method: TSS
2024-07-20 20:22:21.569922 INFO::Applying z-score to standardize continuous metadata
2024-07-20 20:22:21.597533 INFO::Running selected transform method: LOG
2024-07-20 20:22:21.610855 INFO::Running selected analysis method: LM
2024-07-20 20:22:21.623178 INFO::Fitting model to feature number 1, Coprothermobacterales
2024-07-20 20:22:21.63795 INFO::Fitting model to feature number 2, Nitrospinales
2024-07-20 20:22:21.646128 INFO::Fitting model to feature number 3, Chrysiogenales
2024-07-20 20:22:21.653077 INFO::Fitting model to feature number 4, Calditrichales
2024-07-20 20:22:21.660743 INFO::Fitting model to feature number 5, Caldisericales
2024-07-20 20:22:21.724057 INFO::Fitting model to feature number 6, Atribacterales
2024-07-20 20:22:21.730278 INFO::Fitting model to feature number 7, Thermodesulfobiales
2024-07-20 20:22:21.736392 INFO::Fitting model to feature number 8, Elusimicrobiales
2024-07-20 20:22:21.743506 INFO::Fitting model to feature number 9, Endomicrobiales
2024-07-20 20:22:21.749862 INFO::Fitting model to feature number 10, Dictyoglomales
2024-07-20 20:22:21.756405 INFO::Fitting model to feature number 11, Bradymonadales
2024-07-20 20:22:21.76327 INFO::Fitting model to feature number 12, Synergistales
2024-07-20 20:22:21.769863 INFO::Fitting model to feature number 13, Thermodesulfovibrionales
2024-07-20 20:22:21.776402 INFO::Fitting model to feature number 14, Nitrospirales
2024-07-20 20:22:21.782969 INFO::Fitting model to feature number 15, Candidatus.Absconditabacterales
2024-07-20 20:22:21.790918 INFO::Fitting model to feature number 16, Candidatus.Saccharimonadales
2024-07-20 20:22:21.797368 INFO::Fitting model to feature number 17, Candidatus.Nanosynbacterales
2024-07-20 20:22:21.803677 INFO::Fitting model to feature number 18, Candidatus.Babeliales
2024-07-20 20:22:21.811174 INFO::Fitting model to feature number 19, Desulfurobacteriales
2024-07-20 20:22:21.818778 INFO::Fitting model to feature number 20, Aquificales
2024-07-20 20:22:21.827415 INFO::Fitting model to feature number 21, Deferribacterales
2024-07-20 20:22:21.834379 INFO::Fitting model to feature number 22, Silvanigrellales
2024-07-20 20:22:21.840729 INFO::Fitting model to feature number 23, Bdellovibrionales
2024-07-20 20:22:21.847045 INFO::Fitting model to feature number 24, Bacteriovoracales
2024-07-20 20:22:21.853327 INFO::Fitting model to feature number 25, Mesoaciditogales
2024-07-20 20:22:21.859689 INFO::Fitting model to feature number 26, Kosmotogales
2024-07-20 20:22:21.866056 INFO::Fitting model to feature number 27, Thermotogales
2024-07-20 20:22:21.87253 INFO::Fitting model to feature number 28, Petrotogales
2024-07-20 20:22:21.879049 INFO::Fitting model to feature number 29, Vicinamibacterales
2024-07-20 20:22:22.030752 INFO::Fitting model to feature number 30, Thermotomaculales
2024-07-20 20:22:22.036725 INFO::Fitting model to feature number 31, Acanthopleuribacterales
2024-07-20 20:22:22.042688 INFO::Fitting model to feature number 32, Holophagales
2024-07-20 20:22:22.049449 INFO::Fitting model to feature number 33, Bryobacterales
2024-07-20 20:22:22.055705 INFO::Fitting model to feature number 34, Terriglobales
2024-07-20 20:22:22.063225 INFO::Fitting model to feature number 35, Syntrophales
2024-07-20 20:22:22.070639 INFO::Fitting model to feature number 36, Desulfomonilales
2024-07-20 20:22:22.076991 INFO::Fitting model to feature number 37, Candidatus.Desulfofervidales
2024-07-20 20:22:22.083276 INFO::Fitting model to feature number 38, Syntrophobacterales
2024-07-20 20:22:22.089419 INFO::Fitting model to feature number 39, Desulfobaccales
2024-07-20 20:22:22.096152 INFO::Fitting model to feature number 40, Thermodesulfobacteriales
2024-07-20 20:22:22.102463 INFO::Fitting model to feature number 41, Desulfarculales
2024-07-20 20:22:22.108787 INFO::Fitting model to feature number 42, Desulfobulbales
2024-07-20 20:22:22.115003 INFO::Fitting model to feature number 43, Desulfobacterales
2024-07-20 20:22:22.121187 INFO::Fitting model to feature number 44, Desulfuromonadales
2024-07-20 20:22:22.127566 INFO::Fitting model to feature number 45, Geobacterales
2024-07-20 20:22:22.133975 INFO::Fitting model to feature number 46, Desulfovibrionales
2024-07-20 20:22:22.140325 INFO::Fitting model to feature number 47, Brevinematales
2024-07-20 20:22:22.147466 INFO::Fitting model to feature number 48, Leptospirales
2024-07-20 20:22:22.153714 INFO::Fitting model to feature number 49, Brachyspirales
2024-07-20 20:22:22.160062 INFO::Fitting model to feature number 50, Spirochaetales
2024-07-20 20:22:22.16626 INFO::Fitting model to feature number 51, Haliangiales
2024-07-20 20:22:22.172487 INFO::Fitting model to feature number 52, Nannocystales
2024-07-20 20:22:22.179609 INFO::Fitting model to feature number 53, Polyangiales
2024-07-20 20:22:22.185848 INFO::Fitting model to feature number 54, Myxococcales
2024-07-20 20:22:22.192268 INFO::Fitting model to feature number 55, Fusobacteriales
2024-07-20 20:22:22.198472 INFO::Fitting model to feature number 56, Desulfurellales
2024-07-20 20:22:22.204844 INFO::Fitting model to feature number 57, Nautiliales
2024-07-20 20:22:22.211173 INFO::Fitting model to feature number 58, Campylobacterales
2024-07-20 20:22:22.217433 INFO::Fitting model to feature number 59, Lentisphaerales
2024-07-20 20:22:22.22408 INFO::Fitting model to feature number 60, Tichowtungiales
2024-07-20 20:22:22.232018 INFO::Fitting model to feature number 61, Kiritimatiellales
2024-07-20 20:22:22.240123 INFO::Fitting model to feature number 62, Methylacidiphilales
2024-07-20 20:22:22.248129 INFO::Fitting model to feature number 63, Puniceicoccales
2024-07-20 20:22:22.257597 INFO::Fitting model to feature number 64, Opitutales
2024-07-20 20:22:22.266381 INFO::Fitting model to feature number 65, Limisphaerales
2024-07-20 20:22:22.274619 INFO::Fitting model to feature number 66, Verrucomicrobiales
2024-07-20 20:22:22.282822 INFO::Fitting model to feature number 67, Candidatus.Brocadiales
2024-07-20 20:22:22.292615 INFO::Fitting model to feature number 68, Tepidisphaerales
2024-07-20 20:22:22.30095 INFO::Fitting model to feature number 69, Sedimentisphaerales
2024-07-20 20:22:22.309548 INFO::Fitting model to feature number 70, Phycisphaerales
2024-07-20 20:22:22.318599 INFO::Fitting model to feature number 71, Candidatus.Uabimicrobiales
2024-07-20 20:22:22.330034 INFO::Fitting model to feature number 72, Isosphaerales
2024-07-20 20:22:22.338511 INFO::Fitting model to feature number 73, Gemmatales
2024-07-20 20:22:22.347613 INFO::Fitting model to feature number 74, Pirellulales
2024-07-20 20:22:22.356466 INFO::Fitting model to feature number 75, Planctomycetales
2024-07-20 20:22:22.364818 INFO::Fitting model to feature number 76, Parachlamydiales
2024-07-20 20:22:22.372784 INFO::Fitting model to feature number 77, Chlamydiales
2024-07-20 20:22:22.381696 INFO::Fitting model to feature number 78, Fibrobacterales
2024-07-20 20:22:22.389693 INFO::Fitting model to feature number 79, Candidatus.Cloacimonadales
2024-07-20 20:22:22.399578 INFO::Fitting model to feature number 80, Gemmatimonadales
2024-07-20 20:22:22.407623 INFO::Fitting model to feature number 81, Balneolales
2024-07-20 20:22:22.416337 INFO::Fitting model to feature number 82, Rhodothermales
2024-07-20 20:22:22.424801 INFO::Fitting model to feature number 83, Ignavibacteriales
2024-07-20 20:22:22.432859 INFO::Fitting model to feature number 84, Chlorobiales
2024-07-20 20:22:22.441273 INFO::Fitting model to feature number 85, Candidatus.Sulfidibacteriales
2024-07-20 20:22:22.449732 INFO::Fitting model to feature number 86, Saprospirales
2024-07-20 20:22:22.458458 INFO::Fitting model to feature number 87, Chitinophagales
2024-07-20 20:22:22.467094 INFO::Fitting model to feature number 88, Sphingobacteriales
2024-07-20 20:22:22.476199 INFO::Fitting model to feature number 89, Cytophagales
2024-07-20 20:22:22.484475 INFO::Fitting model to feature number 90, Marinilabiliales
2024-07-20 20:22:22.493475 INFO::Fitting model to feature number 91, Bacteroidales
2024-07-20 20:22:22.501831 INFO::Fitting model to feature number 92, Flavobacteriales
2024-07-20 20:22:22.510048 INFO::Fitting model to feature number 93, Vulcanimicrobiales
2024-07-20 20:22:22.518465 INFO::Fitting model to feature number 94, Chthonomonadales
2024-07-20 20:22:22.526571 INFO::Fitting model to feature number 95, Fimbriimonadales
2024-07-20 20:22:22.534595 INFO::Fitting model to feature number 96, Capsulimonadales
2024-07-20 20:22:22.542655 INFO::Fitting model to feature number 97, Thermomicrobiales
2024-07-20 20:22:22.550929 INFO::Fitting model to feature number 98, Sphaerobacterales
2024-07-20 20:22:22.560223 INFO::Fitting model to feature number 99, Phototrophicales
2024-07-20 20:22:22.570856 INFO::Fitting model to feature number 100, Ktedonobacterales
2024-07-20 20:22:22.579011 INFO::Fitting model to feature number 101, Anaerolineales
2024-07-20 20:22:22.587148 INFO::Fitting model to feature number 102, Caldilineales
2024-07-20 20:22:22.595288 INFO::Fitting model to feature number 103, Candidatus.Promineifilales
2024-07-20 20:22:22.603614 INFO::Fitting model to feature number 104, Tepidiformales
2024-07-20 20:22:22.611769 INFO::Fitting model to feature number 105, Thermoflexales
2024-07-20 20:22:22.619941 INFO::Fitting model to feature number 106, Chloroflexales
2024-07-20 20:22:22.627967 INFO::Fitting model to feature number 107, Dehalococcoidales
2024-07-20 20:22:22.636019 INFO::Fitting model to feature number 108, Trueperales
2024-07-20 20:22:22.644052 INFO::Fitting model to feature number 109, Thermales
2024-07-20 20:22:22.652049 INFO::Fitting model to feature number 110, Deinococcales
2024-07-20 20:22:22.660033 INFO::Fitting model to feature number 111, Coleofasciculales
2024-07-20 20:22:22.668168 INFO::Fitting model to feature number 112, Gloeomargaritales
2024-07-20 20:22:22.676049 INFO::Fitting model to feature number 113, Oculatellales
2024-07-20 20:22:22.684109 INFO::Fitting model to feature number 114, Thermostichales
2024-07-20 20:22:22.691938 INFO::Fitting model to feature number 115, Gomontiellales
2024-07-20 20:22:22.699965 INFO::Fitting model to feature number 116, Nodosilineales
2024-07-20 20:22:22.708033 INFO::Fitting model to feature number 117, Geitlerinematales
2024-07-20 20:22:22.716272 INFO::Fitting model to feature number 118, Chroococcidiopsidales
2024-07-20 20:22:22.724367 INFO::Fitting model to feature number 119, Gloeobacterales
2024-07-20 20:22:22.732503 INFO::Fitting model to feature number 120, Acaryochloridales
2024-07-20 20:22:22.740526 INFO::Fitting model to feature number 121, Leptolyngbyales
2024-07-20 20:22:22.748736 INFO::Fitting model to feature number 122, Pseudanabaenales
2024-07-20 20:22:22.756722 INFO::Fitting model to feature number 123, Pleurocapsales
2024-07-20 20:22:22.764965 INFO::Fitting model to feature number 124, Oscillatoriales
2024-07-20 20:22:22.772857 INFO::Fitting model to feature number 125, Chroococcales
2024-07-20 20:22:22.781875 INFO::Fitting model to feature number 126, Nostocales
2024-07-20 20:22:22.789795 INFO::Fitting model to feature number 127, Synechococcales
2024-07-20 20:22:22.797884 INFO::Fitting model to feature number 128, Candidatus.Izemoplasmatales
2024-07-20 20:22:22.806047 INFO::Fitting model to feature number 129, Acholeplasmatales
2024-07-20 20:22:22.814078 INFO::Fitting model to feature number 130, Mycoplasmatales
2024-07-20 20:22:22.821945 INFO::Fitting model to feature number 131, Entomoplasmatales
2024-07-20 20:22:22.829794 INFO::Fitting model to feature number 132, Mycoplasmoidales
2024-07-20 20:22:22.837853 INFO::Fitting model to feature number 133, Egicoccales
2024-07-20 20:22:22.846073 INFO::Fitting model to feature number 134, Euzebyales
2024-07-20 20:22:22.854045 INFO::Fitting model to feature number 135, Egibacterales
2024-07-20 20:22:22.862117 INFO::Fitting model to feature number 136, Rubrobacterales
2024-07-20 20:22:22.870034 INFO::Fitting model to feature number 137, Acidimicrobiales
2024-07-20 20:22:22.8792 INFO::Fitting model to feature number 138, Coriobacteriales
2024-07-20 20:22:22.887095 INFO::Fitting model to feature number 139, Eggerthellales
2024-07-20 20:22:22.895128 INFO::Fitting model to feature number 140, Thermoleophilales
2024-07-20 20:22:22.903057 INFO::Fitting model to feature number 141, Miltoncostaeales
2024-07-20 20:22:22.911149 INFO::Fitting model to feature number 142, Solirubrobacterales
2024-07-20 20:22:22.919187 INFO::Fitting model to feature number 143, Acidothermales
2024-07-20 20:22:22.92707 INFO::Fitting model to feature number 144, Sporichthyales
2024-07-20 20:22:22.935104 INFO::Fitting model to feature number 145, Actinopolysporales
2024-07-20 20:22:22.943365 INFO::Fitting model to feature number 146, Glycomycetales
2024-07-20 20:22:22.95124 INFO::Fitting model to feature number 147, Candidatus.Nanopelagicales
2024-07-20 20:22:22.959328 INFO::Fitting model to feature number 148, Kineosporiales
2024-07-20 20:22:22.967271 INFO::Fitting model to feature number 149, Jatrophihabitantales
2024-07-20 20:22:22.976439 INFO::Fitting model to feature number 150, Catenulisporales
2024-07-20 20:22:22.984547 INFO::Fitting model to feature number 151, Nakamurellales
2024-07-20 20:22:22.992779 INFO::Fitting model to feature number 152, Jiangellales
2024-07-20 20:22:23.000761 INFO::Fitting model to feature number 153, Bifidobacteriales
2024-07-20 20:22:23.008604 INFO::Fitting model to feature number 154, Geodermatophilales
2024-07-20 20:22:23.016572 INFO::Fitting model to feature number 155, Frankiales
2024-07-20 20:22:23.024409 INFO::Fitting model to feature number 156, Actinomycetales
2024-07-20 20:22:23.032415 INFO::Fitting model to feature number 157, Streptosporangiales
2024-07-20 20:22:23.040362 INFO::Fitting model to feature number 158, Propionibacteriales
2024-07-20 20:22:23.05918 INFO::Fitting model to feature number 159, Pseudonocardiales
2024-07-20 20:22:23.067109 INFO::Fitting model to feature number 160, Micromonosporales
2024-07-20 20:22:23.074736 INFO::Fitting model to feature number 161, Micrococcales
2024-07-20 20:22:23.082724 INFO::Fitting model to feature number 162, Kitasatosporales
2024-07-20 20:22:23.090726 INFO::Fitting model to feature number 163, Mycobacteriales
2024-07-20 20:22:23.099048 INFO::Fitting model to feature number 164, Limnochordales
2024-07-20 20:22:23.107149 INFO::Fitting model to feature number 165, Dethiobacterales
2024-07-20 20:22:23.115174 INFO::Fitting model to feature number 166, Acidaminococcales
2024-07-20 20:22:23.127203 INFO::Fitting model to feature number 167, Veillonellales
2024-07-20 20:22:23.133378 INFO::Fitting model to feature number 168, Selenomonadales
2024-07-20 20:22:23.139487 INFO::Fitting model to feature number 169, Erysipelotrichales
2024-07-20 20:22:23.146715 INFO::Fitting model to feature number 170, Tissierellales
2024-07-20 20:22:23.152871 INFO::Fitting model to feature number 171, Koleobacterales
2024-07-20 20:22:23.15908 INFO::Fitting model to feature number 172, Thermosediminibacterales
2024-07-20 20:22:23.165278 INFO::Fitting model to feature number 173, Natranaerobiales
2024-07-20 20:22:23.17144 INFO::Fitting model to feature number 174, Moorellales
2024-07-20 20:22:23.177777 INFO::Fitting model to feature number 175, Thermoanaerobacterales
2024-07-20 20:22:23.183885 INFO::Fitting model to feature number 176, Halanaerobiales
2024-07-20 20:22:23.1904 INFO::Fitting model to feature number 177, Caldicellulosiruptorales
2024-07-20 20:22:23.197151 INFO::Fitting model to feature number 178, Eubacteriales
2024-07-20 20:22:23.203691 INFO::Fitting model to feature number 179, Bacillales
2024-07-20 20:22:23.210343 INFO::Fitting model to feature number 180, Lactobacillales
2024-07-20 20:22:23.216745 INFO::Fitting model to feature number 181, Hydrogenophilales
2024-07-20 20:22:23.223507 INFO::Fitting model to feature number 182, Mariprofundales
2024-07-20 20:22:23.230104 INFO::Fitting model to feature number 183, Acidithiobacillales
2024-07-20 20:22:23.236644 INFO::Fitting model to feature number 184, Ferrovales
2024-07-20 20:22:23.243765 INFO::Fitting model to feature number 185, Nitrosomonadales
2024-07-20 20:22:23.250727 INFO::Fitting model to feature number 186, Rhodocyclales
2024-07-20 20:22:23.257372 INFO::Fitting model to feature number 187, Neisseriales
2024-07-20 20:22:23.264238 INFO::Fitting model to feature number 188, Burkholderiales
2024-07-20 20:22:23.271805 INFO::Fitting model to feature number 189, Magnetococcales
2024-07-20 20:22:23.279451 INFO::Fitting model to feature number 190, Sneathiellales
2024-07-20 20:22:23.285905 INFO::Fitting model to feature number 191, Geminicoccales
2024-07-20 20:22:23.294335 INFO::Fitting model to feature number 192, Minwuiales
2024-07-20 20:22:23.300648 INFO::Fitting model to feature number 193, Emcibacterales
2024-07-20 20:22:23.306748 INFO::Fitting model to feature number 194, Parvularculales
2024-07-20 20:22:23.312964 INFO::Fitting model to feature number 195, Kordiimonadales
2024-07-20 20:22:23.319276 INFO::Fitting model to feature number 196, Maricaulales
2024-07-20 20:22:23.325635 INFO::Fitting model to feature number 197, Hyphomonadales
2024-07-20 20:22:23.332127 INFO::Fitting model to feature number 198, Candidatus.Pelagibacterales
2024-07-20 20:22:23.33839 INFO::Fitting model to feature number 199, Holosporales
2024-07-20 20:22:23.344617 INFO::Fitting model to feature number 200, Rickettsiales
2024-07-20 20:22:23.350962 INFO::Fitting model to feature number 201, Rhodospirillales
2024-07-20 20:22:23.357204 INFO::Fitting model to feature number 202, Sphingomonadales
2024-07-20 20:22:23.36371 INFO::Fitting model to feature number 203, Rhodobacterales
2024-07-20 20:22:23.3699 INFO::Fitting model to feature number 204, Caulobacterales
2024-07-20 20:22:23.376218 INFO::Fitting model to feature number 205, Hyphomicrobiales
2024-07-20 20:22:23.382707 INFO::Fitting model to feature number 206, Candidatus.Comchoanobacterales
2024-07-20 20:22:23.389011 INFO::Fitting model to feature number 207, Steroidobacterales
2024-07-20 20:22:23.395533 INFO::Fitting model to feature number 208, Thiohalomonadales
2024-07-20 20:22:23.402349 INFO::Fitting model to feature number 209, Immundisolibacterales
2024-07-20 20:22:23.408677 INFO::Fitting model to feature number 210, Salinisphaerales
2024-07-20 20:22:23.41498 INFO::Fitting model to feature number 211, Kangiellales
2024-07-20 20:22:23.421293 INFO::Fitting model to feature number 212, Nevskiales
2024-07-20 20:22:23.427887 INFO::Fitting model to feature number 213, Thiohalobacterales
2024-07-20 20:22:23.434142 INFO::Fitting model to feature number 214, Acidiferrobacterales
2024-07-20 20:22:23.440611 INFO::Fitting model to feature number 215, Cardiobacteriales
2024-07-20 20:22:23.446976 INFO::Fitting model to feature number 216, Orbales
2024-07-20 20:22:23.453178 INFO::Fitting model to feature number 217, Methylococcales
2024-07-20 20:22:23.45949 INFO::Fitting model to feature number 218, Cellvibrionales
2024-07-20 20:22:23.465772 INFO::Fitting model to feature number 219, Legionellales
2024-07-20 20:22:23.472534 INFO::Fitting model to feature number 220, Thiotrichales
2024-07-20 20:22:23.479121 INFO::Fitting model to feature number 221, Chromatiales
2024-07-20 20:22:23.48562 INFO::Fitting model to feature number 222, Pasteurellales
2024-07-20 20:22:23.49302 INFO::Fitting model to feature number 223, Oceanospirillales
2024-07-20 20:22:23.499379 INFO::Fitting model to feature number 224, Moraxellales
2024-07-20 20:22:23.505746 INFO::Fitting model to feature number 225, Alteromonadales
2024-07-20 20:22:23.511994 INFO::Fitting model to feature number 226, Vibrionales
2024-07-20 20:22:23.518879 INFO::Fitting model to feature number 227, Xanthomonadales
2024-07-20 20:22:23.525463 INFO::Fitting model to feature number 228, Pseudomonadales
2024-07-20 20:22:23.531826 INFO::Fitting model to feature number 229, Aeromonadales
2024-07-20 20:22:23.538398 INFO::Fitting model to feature number 230, Enterobacterales
2024-07-20 20:22:23.545664 INFO::Fitting model to feature number 231, Brassicales
2024-07-20 20:22:23.557087 INFO::Fitting model to feature number 232, Pyrenomonadales
2024-07-20 20:22:23.566562 INFO::Fitting model to feature number 233, Cryptomonadales
2024-07-20 20:22:23.576658 INFO::Fitting model to feature number 234, Acytosteliales
2024-07-20 20:22:23.586924 INFO::Fitting model to feature number 235, Dictyosteliales
2024-07-20 20:22:23.597284 INFO::Fitting model to feature number 236, Trypanosomatida
2024-07-20 20:22:23.607191 INFO::Fitting model to feature number 237, Diplomonadida
2024-07-20 20:22:23.616763 INFO::Fitting model to feature number 238, Trichomonadida
2024-07-20 20:22:23.626077 INFO::Fitting model to feature number 239, Naviculales
2024-07-20 20:22:23.634507 INFO::Fitting model to feature number 240, Thalassiosirales
2024-07-20 20:22:23.644376 INFO::Fitting model to feature number 241, Peniculida
2024-07-20 20:22:23.653549 INFO::Fitting model to feature number 242, Eucoccidiorida
2024-07-20 20:22:23.660085 INFO::Fitting model to feature number 243, Piroplasmida
2024-07-20 20:22:23.666495 INFO::Fitting model to feature number 244, Haemosporida
2024-07-20 20:22:23.672886 INFO::Fitting model to feature number 245, Malasseziales
2024-07-20 20:22:23.679488 INFO::Fitting model to feature number 246, Ustilaginales
2024-07-20 20:22:23.68621 INFO::Fitting model to feature number 247, Trichosporonales
2024-07-20 20:22:23.69299 INFO::Fitting model to feature number 248, Tremellales
2024-07-20 20:22:23.699533 INFO::Fitting model to feature number 249, Cantharellales
2024-07-20 20:22:23.70612 INFO::Fitting model to feature number 250, Agaricales
2024-07-20 20:22:23.712498 INFO::Fitting model to feature number 251, Pucciniales
2024-07-20 20:22:23.719097 INFO::Fitting model to feature number 252, Schizosaccharomycetales
2024-07-20 20:22:23.725723 INFO::Fitting model to feature number 253, Saccharomycetales
2024-07-20 20:22:23.732148 INFO::Fitting model to feature number 254, Pleosporales
2024-07-20 20:22:23.738667 INFO::Fitting model to feature number 255, Mycosphaerellales
2024-07-20 20:22:23.745024 INFO::Fitting model to feature number 256, Eurotiales
2024-07-20 20:22:23.751408 INFO::Fitting model to feature number 257, Helotiales
2024-07-20 20:22:23.757913 INFO::Fitting model to feature number 258, Sordariales
2024-07-20 20:22:23.764451 INFO::Fitting model to feature number 259, Magnaporthales
2024-07-20 20:22:23.77106 INFO::Fitting model to feature number 260, Glomerellales
2024-07-20 20:22:23.777747 INFO::Fitting model to feature number 261, Hypocreales
2024-07-20 20:22:23.784137 INFO::Fitting model to feature number 262, Candidatus.Nanohalobiales
2024-07-20 20:22:23.790665 INFO::Fitting model to feature number 263, Nanobdellales
2024-07-20 20:22:23.797071 INFO::Fitting model to feature number 264, Candidatus.Micrarchaeales
2024-07-20 20:22:23.803396 INFO::Fitting model to feature number 265, Candidatus.Prometheoarchaeales
2024-07-20 20:22:23.809826 INFO::Fitting model to feature number 266, Methanomassiliicoccales
2024-07-20 20:22:23.81636 INFO::Fitting model to feature number 267, Thermoplasmatales
2024-07-20 20:22:23.82288 INFO::Fitting model to feature number 268, Conexivisphaerales
2024-07-20 20:22:23.829257 INFO::Fitting model to feature number 269, Candidatus.Nitrosocaldales
2024-07-20 20:22:23.835662 INFO::Fitting model to feature number 270, Nitrososphaerales
2024-07-20 20:22:23.842107 INFO::Fitting model to feature number 271, Nitrosopumilales
2024-07-20 20:22:23.848467 INFO::Fitting model to feature number 272, Fervidicoccales
2024-07-20 20:22:23.854914 INFO::Fitting model to feature number 273, Thermoproteales
2024-07-20 20:22:23.861389 INFO::Fitting model to feature number 274, Thermofilales
2024-07-20 20:22:23.86816 INFO::Fitting model to feature number 275, Acidilobales
2024-07-20 20:22:23.874717 INFO::Fitting model to feature number 276, Desulfurococcales
2024-07-20 20:22:23.881198 INFO::Fitting model to feature number 277, Sulfolobales
2024-07-20 20:22:23.887778 INFO::Fitting model to feature number 278, Candidatus.Methanoliparales
2024-07-20 20:22:23.894137 INFO::Fitting model to feature number 279, Methanonatronarchaeales
2024-07-20 20:22:23.90055 INFO::Fitting model to feature number 280, Archaeoglobales
2024-07-20 20:22:23.906905 INFO::Fitting model to feature number 281, Thermococcales
2024-07-20 20:22:23.918609 INFO::Fitting model to feature number 282, Methanopyrales
2024-07-20 20:22:23.925458 INFO::Fitting model to feature number 283, Methanobacteriales
2024-07-20 20:22:23.931804 INFO::Fitting model to feature number 284, Methanococcales
2024-07-20 20:22:23.938159 INFO::Fitting model to feature number 285, Methanocellales
2024-07-20 20:22:23.944618 INFO::Fitting model to feature number 286, Methanotrichales
2024-07-20 20:22:23.95102 INFO::Fitting model to feature number 287, Methanomicrobiales
2024-07-20 20:22:23.957569 INFO::Fitting model to feature number 288, Methanosarcinales
2024-07-20 20:22:23.964103 INFO::Fitting model to feature number 289, Haloferacales
2024-07-20 20:22:23.970483 INFO::Fitting model to feature number 290, Natrialbales
2024-07-20 20:22:23.97688 INFO::Fitting model to feature number 291, Halobacteriales
2024-07-20 20:22:23.983511 INFO::Fitting model to feature number 292, Halopanivirales
2024-07-20 20:22:23.991134 INFO::Fitting model to feature number 293, Tubulavirales
2024-07-20 20:22:23.999459 INFO::Fitting model to feature number 294, Haloruvirales
2024-07-20 20:22:24.00825 INFO::Fitting model to feature number 295, Petitvirales
2024-07-20 20:22:24.018807 INFO::Fitting model to feature number 296, Ligamenvirales
2024-07-20 20:22:24.029422 INFO::Fitting model to feature number 297, Lefavirales
2024-07-20 20:22:24.040164 INFO::Fitting model to feature number 298, Ghabrivirales
2024-07-20 20:22:24.050817 INFO::Fitting model to feature number 299, Reovirales
2024-07-20 20:22:24.06146 INFO::Fitting model to feature number 300, Cryppavirales
2024-07-20 20:22:24.072335 INFO::Fitting model to feature number 301, Timlovirales
2024-07-20 20:22:24.080897 INFO::Fitting model to feature number 302, Norzivirales
2024-07-20 20:22:24.088185 INFO::Fitting model to feature number 303, Stellavirales
2024-07-20 20:22:24.102036 INFO::Fitting model to feature number 304, Patatavirales
2024-07-20 20:22:24.108639 INFO::Fitting model to feature number 305, Durnavirales
2024-07-20 20:22:24.114964 INFO::Fitting model to feature number 306, Picornavirales
2024-07-20 20:22:24.121455 INFO::Fitting model to feature number 307, Nidovirales
2024-07-20 20:22:24.127846 INFO::Fitting model to feature number 308, Sobelivirales
2024-07-20 20:22:24.134933 INFO::Fitting model to feature number 309, Nodamuvirales
2024-07-20 20:22:24.14184 INFO::Fitting model to feature number 310, Tolivirales
2024-07-20 20:22:24.148254 INFO::Fitting model to feature number 311, Amarillovirales
2024-07-20 20:22:24.155605 INFO::Fitting model to feature number 312, Tymovirales
2024-07-20 20:22:24.162164 INFO::Fitting model to feature number 313, Martellivirales
2024-07-20 20:22:24.168815 INFO::Fitting model to feature number 314, Hepelivirales
2024-07-20 20:22:24.175294 INFO::Fitting model to feature number 315, Articulavirales
2024-07-20 20:22:24.181978 INFO::Fitting model to feature number 316, Bunyavirales
2024-07-20 20:22:24.188404 INFO::Fitting model to feature number 317, Jingchuvirales
2024-07-20 20:22:24.195182 INFO::Fitting model to feature number 318, Mononegavirales
2024-07-20 20:22:24.202454 INFO::Fitting model to feature number 319, Blubervirales
2024-07-20 20:22:24.209091 INFO::Fitting model to feature number 320, Ortervirales
2024-07-20 20:22:24.216002 INFO::Fitting model to feature number 321, Orthopolintovirales
2024-07-20 20:22:24.222634 INFO::Fitting model to feature number 322, Priklausovirales
2024-07-20 20:22:24.229834 INFO::Fitting model to feature number 323, Atroposvirales
2024-07-20 20:22:24.236556 INFO::Fitting model to feature number 324, Belfryvirales
2024-07-20 20:22:24.243456 INFO::Fitting model to feature number 325, Kalamavirales
2024-07-20 20:22:24.250715 INFO::Fitting model to feature number 326, Rowavirales
2024-07-20 20:22:24.257364 INFO::Fitting model to feature number 327, Asfuvirales
2024-07-20 20:22:24.264917 INFO::Fitting model to feature number 328, Chitovirales
2024-07-20 20:22:24.271577 INFO::Fitting model to feature number 329, Pimascovirales
2024-07-20 20:22:24.278173 INFO::Fitting model to feature number 330, Algavirales
2024-07-20 20:22:24.28534 INFO::Fitting model to feature number 331, Imitervirales
2024-07-20 20:22:24.29325 INFO::Fitting model to feature number 332, Herpesvirales
2024-07-20 20:22:24.300629 INFO::Fitting model to feature number 333, Kirjokansivirales
2024-07-20 20:22:24.309069 INFO::Fitting model to feature number 334, Nakonvirales
2024-07-20 20:22:24.316468 INFO::Fitting model to feature number 335, Thumleimavirales
2024-07-20 20:22:24.323221 INFO::Fitting model to feature number 336, Crassvirales
2024-07-20 20:22:24.331123 INFO::Fitting model to feature number 337, Baphyvirales
2024-07-20 20:22:24.338098 INFO::Fitting model to feature number 338, Mulpavirales
2024-07-20 20:22:24.34467 INFO::Fitting model to feature number 339, Cirlivirales
2024-07-20 20:22:24.352052 INFO::Fitting model to feature number 340, Geplafuvirales
2024-07-20 20:22:24.359045 INFO::Fitting model to feature number 341, Sepolyvirales
2024-07-20 20:22:24.365686 INFO::Fitting model to feature number 342, Zurhausenvirales
2024-07-20 20:22:24.373252 INFO::Fitting model to feature number 343, Piccovirales
2024-07-20 20:22:24.436557 INFO::Counting total values for each feature
2024-07-20 20:22:24.459 INFO::Writing filtered data to file MaAsLin2_results/order/features/filtered_data.tsv
2024-07-20 20:22:24.472653 INFO::Writing filtered, normalized data to file MaAsLin2_results/order/features/filtered_data_norm.tsv
2024-07-20 20:22:24.493578 INFO::Writing filtered, normalized, transformed data to file MaAsLin2_results/order/features/filtered_data_norm_transformed.tsv
2024-07-20 20:22:24.514266 INFO::Writing residuals to file MaAsLin2_results/order/fits/residuals.rds
2024-07-20 20:22:24.520217 INFO::Writing fitted values to file MaAsLin2_results/order/fits/fitted.rds
2024-07-20 20:22:24.524724 INFO::Writing all results to file (ordered by increasing q-values): MaAsLin2_results/order/all_results.tsv
2024-07-20 20:22:24.541577 INFO::Writing the significant results (those which are less than or equal to the threshold of 0.050000 ) to file (ordered by increasing q-values): MaAsLin2_results/order/significant_results.tsv
2024-07-20 20:22:24.546239 INFO::Writing heatmap of significant results to file: MaAsLin2_results/order/heatmap.pdf
2024-07-20 20:22:24.553422 INFO::Writing association plots (one for each significant association) to output folder: MaAsLin2_results/order
