2024-07-20 20:22:02.865656 INFO::Writing function arguments to log file
2024-07-20 20:22:02.884505 DEBUG::Function arguments
2024-07-20 20:22:02.898294 DEBUG::Output folder: MaAsLin2_results/family
2024-07-20 20:22:02.89974 DEBUG::Min Abundance: 0.000000
2024-07-20 20:22:02.901113 DEBUG::Min Prevalence: 0.010000
2024-07-20 20:22:02.902482 DEBUG::Normalization: TSS
2024-07-20 20:22:02.903987 DEBUG::Transform: LOG
2024-07-20 20:22:02.905466 DEBUG::Analysis method: LM
2024-07-20 20:22:02.906926 DEBUG::Max significance: 0.050000
2024-07-20 20:22:02.908333 DEBUG::Random effects:
2024-07-20 20:22:02.909715 DEBUG::Fixed effects: Group
2024-07-20 20:22:02.911095 DEBUG::Correction method: BH
2024-07-20 20:22:02.912417 DEBUG::Standardize: TRUE
2024-07-20 20:22:02.913996 DEBUG::Cores: 1
2024-07-20 20:22:02.915393 INFO::Verifying options selected are valid
2024-07-20 20:22:02.965864 INFO::Determining format of input files
2024-07-20 20:22:02.968802 INFO::Input format is data samples as rows and metadata samples as rows
2024-07-20 20:22:02.976104 DEBUG::A total of 10 samples were found in both the data and metadata
2024-07-20 20:22:02.977527 DEBUG::Reordering data/metadata to use same sample ordering
2024-07-20 20:22:02.986038 INFO::Formula for fixed effects: expr ~  Group
2024-07-20 20:22:02.989877 INFO::Filter data based on min abundance and min prevalence
2024-07-20 20:22:02.992567 INFO::Total samples in data: 10
2024-07-20 20:22:02.99518 INFO::Min samples required with min abundance for a feature not to be filtered: 0.100000
2024-07-20 20:22:03.009197 INFO::Total filtered features: 0
2024-07-20 20:22:03.012305 INFO::Filtered feature names from abundance and prevalence filtering:
2024-07-20 20:22:03.122663 INFO::Total filtered features with variance filtering: 1
2024-07-20 20:22:03.125857 INFO::Filtered feature names from variance filtering: X.Classification
2024-07-20 20:22:03.129293 INFO::Running selected normalization method: TSS
2024-07-20 20:22:04.573711 INFO::Applying z-score to standardize continuous metadata
2024-07-20 20:22:04.659303 INFO::Running selected transform method: LOG
2024-07-20 20:22:04.683879 INFO::Running selected analysis method: LM
2024-07-20 20:22:04.696294 INFO::Fitting model to feature number 1, Coprothermobacteraceae
2024-07-20 20:22:04.710239 INFO::Fitting model to feature number 2, Nitrospinaceae
2024-07-20 20:22:04.717092 INFO::Fitting model to feature number 3, Chrysiogenaceae
2024-07-20 20:22:04.723758 INFO::Fitting model to feature number 4, Calditrichaceae
2024-07-20 20:22:04.73079 INFO::Fitting model to feature number 5, Caldisericaceae
2024-07-20 20:22:04.737667 INFO::Fitting model to feature number 6, Atribacteraceae
2024-07-20 20:22:04.744801 INFO::Fitting model to feature number 7, Thermodesulfobiaceae
2024-07-20 20:22:04.751248 INFO::Fitting model to feature number 8, Elusimicrobiaceae
2024-07-20 20:22:04.757873 INFO::Fitting model to feature number 9, Endomicrobiaceae
2024-07-20 20:22:04.764617 INFO::Fitting model to feature number 10, Dictyoglomaceae
2024-07-20 20:22:04.771596 INFO::Fitting model to feature number 11, Microvenatoraceae
2024-07-20 20:22:04.779112 INFO::Fitting model to feature number 12, Bradymonadaceae
2024-07-20 20:22:04.788372 INFO::Fitting model to feature number 13, Thermovirgaceae
2024-07-20 20:22:04.953921 INFO::Fitting model to feature number 14, Acetomicrobiaceae
2024-07-20 20:22:04.96014 INFO::Fitting model to feature number 15, Dethiosulfovibrionaceae
2024-07-20 20:22:04.966087 INFO::Fitting model to feature number 16, Aminobacteriaceae
2024-07-20 20:22:04.972163 INFO::Fitting model to feature number 17, Aminithiophilaceae
2024-07-20 20:22:04.978347 INFO::Fitting model to feature number 18, Synergistaceae
2024-07-20 20:22:04.984691 INFO::Fitting model to feature number 19, Thermodesulfovibrionaceae
2024-07-20 20:22:04.990975 INFO::Fitting model to feature number 20, Dissulfurispiraceae
2024-07-20 20:22:04.997128 INFO::Fitting model to feature number 21, Nitrospiraceae
2024-07-20 20:22:05.003671 INFO::Fitting model to feature number 22, Candidatus.Chazhemtobacteraceae
2024-07-20 20:22:05.010232 INFO::Fitting model to feature number 23, Candidatus.Absconditicoccaceae
2024-07-20 20:22:05.016513 INFO::Fitting model to feature number 24, Candidatus.Saccharimonadaceae
2024-07-20 20:22:05.022747 INFO::Fitting model to feature number 25, Candidatus.Nanosynbacteraceae
2024-07-20 20:22:05.028961 INFO::Fitting model to feature number 26, Candidatus.Babeliaceae
2024-07-20 20:22:05.035278 INFO::Fitting model to feature number 27, Candidatus.Chromulinivoraceae
2024-07-20 20:22:05.041523 INFO::Fitting model to feature number 28, Desulfurobacteriaceae
2024-07-20 20:22:05.04815 INFO::Fitting model to feature number 29, Aquificaceae
2024-07-20 20:22:05.054314 INFO::Fitting model to feature number 30, Hydrogenothermaceae
2024-07-20 20:22:05.060584 INFO::Fitting model to feature number 31, Geovibrionaceae
2024-07-20 20:22:05.066828 INFO::Fitting model to feature number 32, Flexistipitaceae
2024-07-20 20:22:05.073074 INFO::Fitting model to feature number 33, Calditerrivibrionaceae
2024-07-20 20:22:05.079359 INFO::Fitting model to feature number 34, Deferribacteraceae
2024-07-20 20:22:05.085583 INFO::Fitting model to feature number 35, Mucispirillaceae
2024-07-20 20:22:05.091766 INFO::Fitting model to feature number 36, Silvanigrellaceae
2024-07-20 20:22:05.098923 INFO::Fitting model to feature number 37, Pseudobdellovibrionaceae
2024-07-20 20:22:05.10528 INFO::Fitting model to feature number 38, Halobacteriovoraceae
2024-07-20 20:22:05.111806 INFO::Fitting model to feature number 39, Bacteriovoracaceae
2024-07-20 20:22:05.118388 INFO::Fitting model to feature number 40, Mesoaciditogaceae
2024-07-20 20:22:05.124998 INFO::Fitting model to feature number 41, Kosmotogaceae
2024-07-20 20:22:05.132029 INFO::Fitting model to feature number 42, Thermotogaceae
2024-07-20 20:22:05.139205 INFO::Fitting model to feature number 43, Fervidobacteriaceae
2024-07-20 20:22:05.147202 INFO::Fitting model to feature number 44, Petrotogaceae
2024-07-20 20:22:05.155184 INFO::Fitting model to feature number 45, Vicinamibacteraceae
2024-07-20 20:22:05.163243 INFO::Fitting model to feature number 46, Thermotomaculaceae
2024-07-20 20:22:05.171113 INFO::Fitting model to feature number 47, Acanthopleuribacteraceae
2024-07-20 20:22:05.180035 INFO::Fitting model to feature number 48, Holophagaceae
2024-07-20 20:22:05.188034 INFO::Fitting model to feature number 49, Bryobacteraceae
2024-07-20 20:22:05.196113 INFO::Fitting model to feature number 50, Acidobacteriaceae
2024-07-20 20:22:05.20399 INFO::Fitting model to feature number 51, Syntrophaceae
2024-07-20 20:22:05.212029 INFO::Fitting model to feature number 52, Desulfomonilaceae
2024-07-20 20:22:05.220221 INFO::Fitting model to feature number 53, Candidatus.Desulfofervidaceae
2024-07-20 20:22:05.229041 INFO::Fitting model to feature number 54, Syntrophobacteraceae
2024-07-20 20:22:05.237059 INFO::Fitting model to feature number 55, Desulfobaccaceae
2024-07-20 20:22:05.244902 INFO::Fitting model to feature number 56, Thermodesulfatatoraceae
2024-07-20 20:22:05.252766 INFO::Fitting model to feature number 57, Thermodesulfobacteriaceae
2024-07-20 20:22:05.260762 INFO::Fitting model to feature number 58, Desulfarculaceae
2024-07-20 20:22:05.268773 INFO::Fitting model to feature number 59, Desulfocapsaceae
2024-07-20 20:22:05.276934 INFO::Fitting model to feature number 60, Desulfobulbaceae
2024-07-20 20:22:05.285271 INFO::Fitting model to feature number 61, Desulfolunaceae
2024-07-20 20:22:05.293582 INFO::Fitting model to feature number 62, Desulfosudaceae
2024-07-20 20:22:05.301679 INFO::Fitting model to feature number 63, Desulfatibacillaceae
2024-07-20 20:22:05.310656 INFO::Fitting model to feature number 64, Desulfococcaceae
2024-07-20 20:22:05.319018 INFO::Fitting model to feature number 65, Desulfosarcinaceae
2024-07-20 20:22:05.327247 INFO::Fitting model to feature number 66, Desulfobacteraceae
2024-07-20 20:22:05.33544 INFO::Fitting model to feature number 67, Syntrophotaleaceae
2024-07-20 20:22:05.343513 INFO::Fitting model to feature number 68, Geoalkalibacteraceae
2024-07-20 20:22:05.351744 INFO::Fitting model to feature number 69, Geopsychrobacteraceae
2024-07-20 20:22:05.360099 INFO::Fitting model to feature number 70, Desulfuromonadaceae
2024-07-20 20:22:05.368199 INFO::Fitting model to feature number 71, Geobacteraceae
2024-07-20 20:22:05.376428 INFO::Fitting model to feature number 72, Desulfomicrobiaceae
2024-07-20 20:22:05.38547 INFO::Fitting model to feature number 73, Desulfohalobiaceae
2024-07-20 20:22:05.393596 INFO::Fitting model to feature number 74, Desulfovibrionaceae
2024-07-20 20:22:05.401755 INFO::Fitting model to feature number 75, Thermospiraceae
2024-07-20 20:22:05.409834 INFO::Fitting model to feature number 76, Leptospiraceae
2024-07-20 20:22:05.417979 INFO::Fitting model to feature number 77, Brachyspiraceae
2024-07-20 20:22:05.42597 INFO::Fitting model to feature number 78, Breznakiellaceae
2024-07-20 20:22:05.434086 INFO::Fitting model to feature number 79, Sphaerochaetaceae
2024-07-20 20:22:05.442266 INFO::Fitting model to feature number 80, Spirochaetaceae
2024-07-20 20:22:05.45037 INFO::Fitting model to feature number 81, Borreliaceae
2024-07-20 20:22:05.458571 INFO::Fitting model to feature number 82, Treponemataceae
2024-07-20 20:22:05.466686 INFO::Fitting model to feature number 83, Kofleriaceae
2024-07-20 20:22:05.476524 INFO::Fitting model to feature number 84, Nannocystaceae
2024-07-20 20:22:05.484546 INFO::Fitting model to feature number 85, Labilitrichaceae
2024-07-20 20:22:05.492742 INFO::Fitting model to feature number 86, Sandaracinaceae
2024-07-20 20:22:05.50064 INFO::Fitting model to feature number 87, Polyangiaceae
2024-07-20 20:22:05.508894 INFO::Fitting model to feature number 88, Vulgatibacteraceae
2024-07-20 20:22:05.516964 INFO::Fitting model to feature number 89, Anaeromyxobacteraceae
2024-07-20 20:22:05.525021 INFO::Fitting model to feature number 90, Archangiaceae
2024-07-20 20:22:05.533087 INFO::Fitting model to feature number 91, Myxococcaceae
2024-07-20 20:22:05.541149 INFO::Fitting model to feature number 92, Haliovirgaceae
2024-07-20 20:22:05.549128 INFO::Fitting model to feature number 93, Leptotrichiaceae
2024-07-20 20:22:05.55717 INFO::Fitting model to feature number 94, Fusobacteriaceae
2024-07-20 20:22:05.565045 INFO::Fitting model to feature number 95, Hippeaceae
2024-07-20 20:22:05.573158 INFO::Fitting model to feature number 96, Nitratiruptoraceae
2024-07-20 20:22:05.581073 INFO::Fitting model to feature number 97, Nautiliaceae
2024-07-20 20:22:05.589255 INFO::Fitting model to feature number 98, Hydrogenimonadaceae
2024-07-20 20:22:05.59744 INFO::Fitting model to feature number 99, Sulfurovaceae
2024-07-20 20:22:05.605929 INFO::Fitting model to feature number 100, Sulfurospirillaceae
2024-07-20 20:22:05.614069 INFO::Fitting model to feature number 101, Sulfurimonadaceae
2024-07-20 20:22:05.62213 INFO::Fitting model to feature number 102, Helicobacteraceae
2024-07-20 20:22:05.630229 INFO::Fitting model to feature number 103, Campylobacteraceae
2024-07-20 20:22:05.638216 INFO::Fitting model to feature number 104, Arcobacteraceae
2024-07-20 20:22:05.646364 INFO::Fitting model to feature number 105, Lentisphaeraceae
2024-07-20 20:22:05.654475 INFO::Fitting model to feature number 106, Tichowtungiaceae
2024-07-20 20:22:05.662358 INFO::Fitting model to feature number 107, Kiritimatiellaceae
2024-07-20 20:22:05.670636 INFO::Fitting model to feature number 108, Methylacidiphilaceae
2024-07-20 20:22:05.678643 INFO::Fitting model to feature number 109, Cerasicoccaceae
2024-07-20 20:22:05.686807 INFO::Fitting model to feature number 110, Coraliomargaritaceae
2024-07-20 20:22:05.69491 INFO::Fitting model to feature number 111, Puniceicoccaceae
2024-07-20 20:22:05.70303 INFO::Fitting model to feature number 112, Opitutaceae
2024-07-20 20:22:05.711056 INFO::Fitting model to feature number 113, Fontisphaeraceae
2024-07-20 20:22:05.721172 INFO::Fitting model to feature number 114, Akkermansiaceae
2024-07-20 20:22:05.729541 INFO::Fitting model to feature number 115, Verrucomicrobiaceae
2024-07-20 20:22:05.737748 INFO::Fitting model to feature number 116, Candidatus.Brocadiaceae
2024-07-20 20:22:05.74579 INFO::Fitting model to feature number 117, Tepidisphaeraceae
2024-07-20 20:22:05.753748 INFO::Fitting model to feature number 118, Sedimentisphaeraceae
2024-07-20 20:22:05.761752 INFO::Fitting model to feature number 119, Anaerohalosphaeraceae
2024-07-20 20:22:05.769848 INFO::Fitting model to feature number 120, Phycisphaeraceae
2024-07-20 20:22:05.777906 INFO::Fitting model to feature number 121, Candidatus.Uabimicrobiaceae
2024-07-20 20:22:05.785938 INFO::Fitting model to feature number 122, Isosphaeraceae
2024-07-20 20:22:05.794091 INFO::Fitting model to feature number 123, Gemmataceae
2024-07-20 20:22:05.802154 INFO::Fitting model to feature number 124, Thermoguttaceae
2024-07-20 20:22:05.810231 INFO::Fitting model to feature number 125, Lacipirellulaceae
2024-07-20 20:22:05.818576 INFO::Fitting model to feature number 126, Pirellulaceae
2024-07-20 20:22:05.828941 INFO::Fitting model to feature number 127, Planctomycetaceae
2024-07-20 20:22:05.838194 INFO::Fitting model to feature number 128, Criblamydiaceae
2024-07-20 20:22:05.84719 INFO::Fitting model to feature number 129, Waddliaceae
2024-07-20 20:22:05.85592 INFO::Fitting model to feature number 130, Simkaniaceae
2024-07-20 20:22:05.864479 INFO::Fitting model to feature number 131, Rhabdochlamydiaceae
2024-07-20 20:22:05.873299 INFO::Fitting model to feature number 132, Parachlamydiaceae
2024-07-20 20:22:05.881181 INFO::Fitting model to feature number 133, Candidatus.Clavichlamydiaceae
2024-07-20 20:22:05.889637 INFO::Fitting model to feature number 134, Chlamydiaceae
2024-07-20 20:22:05.898171 INFO::Fitting model to feature number 135, Fibrobacteraceae
2024-07-20 20:22:05.906242 INFO::Fitting model to feature number 136, Candidatus.Cloacimonadaceae
2024-07-20 20:22:05.914192 INFO::Fitting model to feature number 137, Gemmatimonadaceae
2024-07-20 20:22:05.92204 INFO::Fitting model to feature number 138, Cyclonatronaceae
2024-07-20 20:22:05.93028 INFO::Fitting model to feature number 139, Rhodothermaceae
2024-07-20 20:22:05.938288 INFO::Fitting model to feature number 140, Salinibacteraceae
2024-07-20 20:22:05.946455 INFO::Fitting model to feature number 141, Melioribacteraceae
2024-07-20 20:22:05.954537 INFO::Fitting model to feature number 142, Ignavibacteriaceae
2024-07-20 20:22:05.9625 INFO::Fitting model to feature number 143, Chloroherpetonaceae
2024-07-20 20:22:05.971802 INFO::Fitting model to feature number 144, Chlorobiaceae
2024-07-20 20:22:05.980348 INFO::Fitting model to feature number 145, Haliscomenobacteraceae
2024-07-20 20:22:05.988717 INFO::Fitting model to feature number 146, Saprospiraceae
2024-07-20 20:22:05.9969 INFO::Fitting model to feature number 147, Chitinophagaceae
2024-07-20 20:22:06.005288 INFO::Fitting model to feature number 148, Aurantibacillaceae
2024-07-20 20:22:06.014116 INFO::Fitting model to feature number 149, Sphingobacteriaceae
2024-07-20 20:22:06.022371 INFO::Fitting model to feature number 150, Microscillaceae
2024-07-20 20:22:06.030511 INFO::Fitting model to feature number 151, Reichenbachiellaceae
2024-07-20 20:22:06.038528 INFO::Fitting model to feature number 152, Mangrovivirgaceae
2024-07-20 20:22:06.051116 INFO::Fitting model to feature number 153, Roseivirgaceae
2024-07-20 20:22:06.057438 INFO::Fitting model to feature number 154, Catalimonadaceae
2024-07-20 20:22:06.063589 INFO::Fitting model to feature number 155, Fulvivirgaceae
2024-07-20 20:22:06.06976 INFO::Fitting model to feature number 156, Bernardetiaceae
2024-07-20 20:22:06.07598 INFO::Fitting model to feature number 157, Marivirgaceae
2024-07-20 20:22:06.082088 INFO::Fitting model to feature number 158, Amoebophilaceae
2024-07-20 20:22:06.088249 INFO::Fitting model to feature number 159, Flammeovirgaceae
2024-07-20 20:22:06.094804 INFO::Fitting model to feature number 160, Cytophagaceae
2024-07-20 20:22:06.101201 INFO::Fitting model to feature number 161, Cyclobacteriaceae
2024-07-20 20:22:06.107508 INFO::Fitting model to feature number 162, Spirosomataceae
2024-07-20 20:22:06.113807 INFO::Fitting model to feature number 163, Hymenobacteraceae
2024-07-20 20:22:06.120965 INFO::Fitting model to feature number 164, Marinilabiliaceae
2024-07-20 20:22:06.127862 INFO::Fitting model to feature number 165, Marinifilaceae
2024-07-20 20:22:06.135717 INFO::Fitting model to feature number 166, Prolixibacteraceae
2024-07-20 20:22:06.14244 INFO::Fitting model to feature number 167, Salinivirgaceae
2024-07-20 20:22:06.149291 INFO::Fitting model to feature number 168, Paludibacteraceae
2024-07-20 20:22:06.155718 INFO::Fitting model to feature number 169, Barnesiellaceae
2024-07-20 20:22:06.162002 INFO::Fitting model to feature number 170, Porphyromonadaceae
2024-07-20 20:22:06.168133 INFO::Fitting model to feature number 171, Tenuifilaceae
2024-07-20 20:22:06.174291 INFO::Fitting model to feature number 172, Odoribacteraceae
2024-07-20 20:22:06.180409 INFO::Fitting model to feature number 173, Muribaculaceae
2024-07-20 20:22:06.186529 INFO::Fitting model to feature number 174, Tannerellaceae
2024-07-20 20:22:06.19271 INFO::Fitting model to feature number 175, Dysgonomonadaceae
2024-07-20 20:22:06.198904 INFO::Fitting model to feature number 176, Rikenellaceae
2024-07-20 20:22:06.205172 INFO::Fitting model to feature number 177, Prevotellaceae
2024-07-20 20:22:06.211275 INFO::Fitting model to feature number 178, Bacteroidaceae
2024-07-20 20:22:06.217479 INFO::Fitting model to feature number 179, Owenweeksiaceae
2024-07-20 20:22:06.223596 INFO::Fitting model to feature number 180, Ichthyobacteriaceae
2024-07-20 20:22:06.229753 INFO::Fitting model to feature number 181, Parvicellaceae
2024-07-20 20:22:06.236018 INFO::Fitting model to feature number 182, Crocinitomicaceae
2024-07-20 20:22:06.242198 INFO::Fitting model to feature number 183, Blattabacteriaceae
2024-07-20 20:22:06.248544 INFO::Fitting model to feature number 184, Weeksellaceae
2024-07-20 20:22:06.254799 INFO::Fitting model to feature number 185, Flavobacteriaceae
2024-07-20 20:22:06.261029 INFO::Fitting model to feature number 186, Vulcanimicrobiaceae
2024-07-20 20:22:06.267407 INFO::Fitting model to feature number 187, Chthonomonadaceae
2024-07-20 20:22:06.273584 INFO::Fitting model to feature number 188, Fimbriimonadaceae
2024-07-20 20:22:06.279959 INFO::Fitting model to feature number 189, Capsulimonadaceae
2024-07-20 20:22:06.286483 INFO::Fitting model to feature number 190, Thermomicrobiaceae
2024-07-20 20:22:06.292738 INFO::Fitting model to feature number 191, Sphaerobacteraceae
2024-07-20 20:22:06.299886 INFO::Fitting model to feature number 192, Phototrophicaceae
2024-07-20 20:22:06.306194 INFO::Fitting model to feature number 193, Ktedonosporobacteraceae
2024-07-20 20:22:06.312506 INFO::Fitting model to feature number 194, Anaerolineaceae
2024-07-20 20:22:06.319608 INFO::Fitting model to feature number 195, Caldilineaceae
2024-07-20 20:22:06.325914 INFO::Fitting model to feature number 196, Candidatus.Promineifilaceae
2024-07-20 20:22:06.332959 INFO::Fitting model to feature number 197, Tepidiformaceae
2024-07-20 20:22:06.33933 INFO::Fitting model to feature number 198, Thermoflexaceae
2024-07-20 20:22:06.345529 INFO::Fitting model to feature number 199, Roseiflexaceae
2024-07-20 20:22:06.351848 INFO::Fitting model to feature number 200, Chloroflexaceae
2024-07-20 20:22:06.358069 INFO::Fitting model to feature number 201, Dehalococcoidaceae
2024-07-20 20:22:06.364356 INFO::Fitting model to feature number 202, Trueperaceae
2024-07-20 20:22:06.371465 INFO::Fitting model to feature number 203, Thermaceae
2024-07-20 20:22:06.377655 INFO::Fitting model to feature number 204, Deinococcaceae
2024-07-20 20:22:06.383785 INFO::Fitting model to feature number 205, Coleofasciculaceae
2024-07-20 20:22:06.390842 INFO::Fitting model to feature number 206, Gloeomargaritaceae
2024-07-20 20:22:06.397071 INFO::Fitting model to feature number 207, Oculatellaceae
2024-07-20 20:22:06.403355 INFO::Fitting model to feature number 208, Thermostichaceae
2024-07-20 20:22:06.410308 INFO::Fitting model to feature number 209, Gomontiellaceae
2024-07-20 20:22:06.419103 INFO::Fitting model to feature number 210, Chamaesiphonaceae
2024-07-20 20:22:06.428283 INFO::Fitting model to feature number 211, Nodosilineaceae
2024-07-20 20:22:06.438597 INFO::Fitting model to feature number 212, Geitlerinemataceae
2024-07-20 20:22:06.446541 INFO::Fitting model to feature number 213, Chroococcidiopsidaceae
2024-07-20 20:22:06.45464 INFO::Fitting model to feature number 214, Anthocerotibacteraceae
2024-07-20 20:22:06.463988 INFO::Fitting model to feature number 215, Gloeobacteraceae
2024-07-20 20:22:06.473304 INFO::Fitting model to feature number 216, Thermosynechococcaceae
2024-07-20 20:22:06.483258 INFO::Fitting model to feature number 217, Acaryochloridaceae
2024-07-20 20:22:06.490021 INFO::Fitting model to feature number 218, Trichocoleusaceae
2024-07-20 20:22:06.496356 INFO::Fitting model to feature number 219, Leptolyngbyaceae
2024-07-20 20:22:06.502662 INFO::Fitting model to feature number 220, Pseudanabaenaceae
2024-07-20 20:22:06.508832 INFO::Fitting model to feature number 221, Dermocarpellaceae
2024-07-20 20:22:06.515302 INFO::Fitting model to feature number 222, Hyellaceae
2024-07-20 20:22:06.52156 INFO::Fitting model to feature number 223, Sirenicapillariaceae
2024-07-20 20:22:06.528294 INFO::Fitting model to feature number 224, Microcoleaceae
2024-07-20 20:22:06.534931 INFO::Fitting model to feature number 225, Oscillatoriaceae
2024-07-20 20:22:06.541161 INFO::Fitting model to feature number 226, Halothecacae
2024-07-20 20:22:06.547557 INFO::Fitting model to feature number 227, Chroococcaceae
2024-07-20 20:22:06.553861 INFO::Fitting model to feature number 228, Microcystaceae
2024-07-20 20:22:06.561712 INFO::Fitting model to feature number 229, Geminocystaceae
2024-07-20 20:22:06.569692 INFO::Fitting model to feature number 230, Aphanothecaceae
2024-07-20 20:22:06.576123 INFO::Fitting model to feature number 231, Scytonemataceae
2024-07-20 20:22:06.582355 INFO::Fitting model to feature number 232, Rivulariaceae
2024-07-20 20:22:06.588451 INFO::Fitting model to feature number 233, Tolypothrichaceae
2024-07-20 20:22:06.594679 INFO::Fitting model to feature number 234, Calotrichaceae
2024-07-20 20:22:06.600891 INFO::Fitting model to feature number 235, Hapalosiphonaceae
2024-07-20 20:22:06.607312 INFO::Fitting model to feature number 236, Aphanizomenonaceae
2024-07-20 20:22:06.613757 INFO::Fitting model to feature number 237, Nostocaceae
2024-07-20 20:22:06.620253 INFO::Fitting model to feature number 238, Merismopediaceae
2024-07-20 20:22:06.627087 INFO::Fitting model to feature number 239, Synechococcaceae
2024-07-20 20:22:06.633603 INFO::Fitting model to feature number 240, Prochlorococcaceae
2024-07-20 20:22:06.640076 INFO::Fitting model to feature number 241, Candidatus.Izemoplasmataceae
2024-07-20 20:22:06.646889 INFO::Fitting model to feature number 242, Hujiaoplasmataceae
2024-07-20 20:22:06.653975 INFO::Fitting model to feature number 243, Acholeplasmataceae
2024-07-20 20:22:06.66045 INFO::Fitting model to feature number 244, Mycoplasmataceae
2024-07-20 20:22:06.666708 INFO::Fitting model to feature number 245, Entomoplasmataceae
2024-07-20 20:22:06.672998 INFO::Fitting model to feature number 246, Spiroplasmataceae
2024-07-20 20:22:06.679302 INFO::Fitting model to feature number 247, Metamycoplasmataceae
2024-07-20 20:22:06.686851 INFO::Fitting model to feature number 248, Mycoplasmoidaceae
2024-07-20 20:22:06.695682 INFO::Fitting model to feature number 249, Egicoccaceae
2024-07-20 20:22:06.702577 INFO::Fitting model to feature number 250, Euzebyaceae
2024-07-20 20:22:06.709939 INFO::Fitting model to feature number 251, Egibacteraceae
2024-07-20 20:22:06.716414 INFO::Fitting model to feature number 252, Rubrobacteraceae
2024-07-20 20:22:06.723695 INFO::Fitting model to feature number 253, Ilumatobacteraceae
2024-07-20 20:22:06.730467 INFO::Fitting model to feature number 254, Acidimicrobiaceae
2024-07-20 20:22:06.737496 INFO::Fitting model to feature number 255, Iamiaceae
2024-07-20 20:22:06.743801 INFO::Fitting model to feature number 256, Coriobacteriaceae
2024-07-20 20:22:06.750041 INFO::Fitting model to feature number 257, Atopobiaceae
2024-07-20 20:22:06.756325 INFO::Fitting model to feature number 258, Eggerthellaceae
2024-07-20 20:22:06.762761 INFO::Fitting model to feature number 259, Thermoleophilaceae
2024-07-20 20:22:06.769262 INFO::Fitting model to feature number 260, Miltoncostaeaceae
2024-07-20 20:22:06.775637 INFO::Fitting model to feature number 261, Paraconexibacteraceae
2024-07-20 20:22:06.783279 INFO::Fitting model to feature number 262, Capillimicrobiaceae
2024-07-20 20:22:06.790562 INFO::Fitting model to feature number 263, Baekduiaceae
2024-07-20 20:22:06.797008 INFO::Fitting model to feature number 264, Conexibacteraceae
2024-07-20 20:22:06.803251 INFO::Fitting model to feature number 265, Acidothermaceae
2024-07-20 20:22:06.809443 INFO::Fitting model to feature number 266, Sporichthyaceae
2024-07-20 20:22:06.815833 INFO::Fitting model to feature number 267, Actinopolysporaceae
2024-07-20 20:22:06.822163 INFO::Fitting model to feature number 268, Glycomycetaceae
2024-07-20 20:22:06.828389 INFO::Fitting model to feature number 269, Candidatus.Nanopelagicaceae
2024-07-20 20:22:06.834934 INFO::Fitting model to feature number 270, Kineosporiaceae
2024-07-20 20:22:06.841101 INFO::Fitting model to feature number 271, Jatrophihabitantaceae
2024-07-20 20:22:06.847307 INFO::Fitting model to feature number 272, Catenulisporaceae
2024-07-20 20:22:06.85357 INFO::Fitting model to feature number 273, Nakamurellaceae
2024-07-20 20:22:06.85989 INFO::Fitting model to feature number 274, Jiangellaceae
2024-07-20 20:22:06.866222 INFO::Fitting model to feature number 275, Bifidobacteriaceae
2024-07-20 20:22:06.872424 INFO::Fitting model to feature number 276, Geodermatophilaceae
2024-07-20 20:22:06.878746 INFO::Fitting model to feature number 277, Frankiaceae
2024-07-20 20:22:06.884948 INFO::Fitting model to feature number 278, Actinomycetaceae
2024-07-20 20:22:06.891121 INFO::Fitting model to feature number 279, Streptosporangiaceae
2024-07-20 20:22:06.897299 INFO::Fitting model to feature number 280, Thermomonosporaceae
2024-07-20 20:22:06.903564 INFO::Fitting model to feature number 281, Nocardiopsaceae
2024-07-20 20:22:06.909892 INFO::Fitting model to feature number 282, Actinopolymorphaceae
2024-07-20 20:22:06.916179 INFO::Fitting model to feature number 283, Kribbellaceae
2024-07-20 20:22:06.922394 INFO::Fitting model to feature number 284, Propionibacteriaceae
2024-07-20 20:22:06.928808 INFO::Fitting model to feature number 285, Nocardioidaceae
2024-07-20 20:22:06.934985 INFO::Fitting model to feature number 286, Pseudonocardiaceae
2024-07-20 20:22:06.941235 INFO::Fitting model to feature number 287, Micromonosporaceae
2024-07-20 20:22:06.948189 INFO::Fitting model to feature number 288, Jonesiaceae
2024-07-20 20:22:06.95447 INFO::Fitting model to feature number 289, Tropherymataceae
2024-07-20 20:22:06.961072 INFO::Fitting model to feature number 290, Dermatophilaceae
2024-07-20 20:22:06.967452 INFO::Fitting model to feature number 291, Beutenbergiaceae
2024-07-20 20:22:06.978701 INFO::Fitting model to feature number 292, Demequinaceae
2024-07-20 20:22:06.984862 INFO::Fitting model to feature number 293, Sanguibacteraceae
2024-07-20 20:22:06.99108 INFO::Fitting model to feature number 294, Kytococcaceae
2024-07-20 20:22:06.997235 INFO::Fitting model to feature number 295, Ruaniaceae
2024-07-20 20:22:07.003348 INFO::Fitting model to feature number 296, Dermacoccaceae
2024-07-20 20:22:07.009558 INFO::Fitting model to feature number 297, Bogoriellaceae
2024-07-20 20:22:07.015683 INFO::Fitting model to feature number 298, Intrasporangiaceae
2024-07-20 20:22:07.021917 INFO::Fitting model to feature number 299, Promicromonosporaceae
2024-07-20 20:22:07.028191 INFO::Fitting model to feature number 300, Ornithinimicrobiaceae
2024-07-20 20:22:07.034596 INFO::Fitting model to feature number 301, Cellulomonadaceae
2024-07-20 20:22:07.041604 INFO::Fitting model to feature number 302, Dermabacteraceae
2024-07-20 20:22:07.047961 INFO::Fitting model to feature number 303, Brevibacteriaceae
2024-07-20 20:22:07.054119 INFO::Fitting model to feature number 304, Micrococcaceae
2024-07-20 20:22:07.06025 INFO::Fitting model to feature number 305, Microbacteriaceae
2024-07-20 20:22:07.066575 INFO::Fitting model to feature number 306, Carbonactinosporaceae
2024-07-20 20:22:07.072807 INFO::Fitting model to feature number 307, Streptomycetaceae
2024-07-20 20:22:07.079904 INFO::Fitting model to feature number 308, Lawsonellaceae
2024-07-20 20:22:07.086125 INFO::Fitting model to feature number 309, Hoyosellaceae
2024-07-20 20:22:07.092425 INFO::Fitting model to feature number 310, Segniliparaceae
2024-07-20 20:22:07.098564 INFO::Fitting model to feature number 311, Tsukamurellaceae
2024-07-20 20:22:07.10552 INFO::Fitting model to feature number 312, Dietziaceae
2024-07-20 20:22:07.111707 INFO::Fitting model to feature number 313, Gordoniaceae
2024-07-20 20:22:07.117875 INFO::Fitting model to feature number 314, Nocardiaceae
2024-07-20 20:22:07.124074 INFO::Fitting model to feature number 315, Corynebacteriaceae
2024-07-20 20:22:07.132234 INFO::Fitting model to feature number 316, Mycobacteriaceae
2024-07-20 20:22:07.139953 INFO::Fitting model to feature number 317, Limnochordaceae
2024-07-20 20:22:07.147168 INFO::Fitting model to feature number 318, Dethiobacteraceae
2024-07-20 20:22:07.154563 INFO::Fitting model to feature number 319, Acidaminococcaceae
2024-07-20 20:22:07.162491 INFO::Fitting model to feature number 320, Veillonellaceae
2024-07-20 20:22:07.170037 INFO::Fitting model to feature number 321, Sporomusaceae
2024-07-20 20:22:07.177594 INFO::Fitting model to feature number 322, Selenomonadaceae
2024-07-20 20:22:07.185274 INFO::Fitting model to feature number 323, Turicibacteraceae
2024-07-20 20:22:07.192454 INFO::Fitting model to feature number 324, Erysipelotrichaceae
2024-07-20 20:22:07.198942 INFO::Fitting model to feature number 325, Coprobacillaceae
2024-07-20 20:22:07.206539 INFO::Fitting model to feature number 326, Gottschalkiaceae
2024-07-20 20:22:07.213921 INFO::Fitting model to feature number 327, Acidilutibacteraceae
2024-07-20 20:22:07.221074 INFO::Fitting model to feature number 328, Thermohalobacteraceae
2024-07-20 20:22:07.227492 INFO::Fitting model to feature number 329, Tepidimicrobiaceae
2024-07-20 20:22:07.233782 INFO::Fitting model to feature number 330, Tissierellaceae
2024-07-20 20:22:07.240179 INFO::Fitting model to feature number 331, Peptoniphilaceae
2024-07-20 20:22:07.246512 INFO::Fitting model to feature number 332, Koleobacteraceae
2024-07-20 20:22:07.2529 INFO::Fitting model to feature number 333, Thermosediminibacteraceae
2024-07-20 20:22:07.259326 INFO::Fitting model to feature number 334, Tepidanaerobacteraceae
2024-07-20 20:22:07.265752 INFO::Fitting model to feature number 335, Natranaerobiaceae
2024-07-20 20:22:07.272223 INFO::Fitting model to feature number 336, Natranaerofabaceae
2024-07-20 20:22:07.278673 INFO::Fitting model to feature number 337, Zhaonellaceae
2024-07-20 20:22:07.285003 INFO::Fitting model to feature number 338, Moorellaceae
2024-07-20 20:22:07.291439 INFO::Fitting model to feature number 339, Thermoanaerobacterales.Family.IV..Incertae.Sedis
2024-07-20 20:22:07.298061 INFO::Fitting model to feature number 340, Thermoanaerobacteraceae
2024-07-20 20:22:07.30451 INFO::Fitting model to feature number 341, Halobacteroidaceae
2024-07-20 20:22:07.311094 INFO::Fitting model to feature number 342, Halothermotrichaceae
2024-07-20 20:22:07.317409 INFO::Fitting model to feature number 343, Halanaerobiaceae
2024-07-20 20:22:07.323978 INFO::Fitting model to feature number 344, Caldicellulosiruptoraceae
2024-07-20 20:22:07.330332 INFO::Fitting model to feature number 345, Christensenellaceae
2024-07-20 20:22:07.33672 INFO::Fitting model to feature number 346, Thermincolaceae
2024-07-20 20:22:07.343106 INFO::Fitting model to feature number 347, Desulfallaceae
2024-07-20 20:22:07.349574 INFO::Fitting model to feature number 348, Desulfotomaculaceae
2024-07-20 20:22:07.356056 INFO::Fitting model to feature number 349, Aristaeellaceae
2024-07-20 20:22:07.362572 INFO::Fitting model to feature number 350, Maliibacteriaceae
2024-07-20 20:22:07.369007 INFO::Fitting model to feature number 351, Proteinivoraceae
2024-07-20 20:22:07.375337 INFO::Fitting model to feature number 352, Syntrophomonadaceae
2024-07-20 20:22:07.381753 INFO::Fitting model to feature number 353, Vallitaleaceae
2024-07-20 20:22:07.388044 INFO::Fitting model to feature number 354, Symbiobacteriaceae
2024-07-20 20:22:07.395006 INFO::Fitting model to feature number 355, Cellulosilyticaceae
2024-07-20 20:22:07.404263 INFO::Fitting model to feature number 356, Heliobacteriaceae
2024-07-20 20:22:07.414251 INFO::Fitting model to feature number 357, Desulfitobacteriaceae
2024-07-20 20:22:07.42412 INFO::Fitting model to feature number 358, Peptococcaceae
2024-07-20 20:22:07.433827 INFO::Fitting model to feature number 359, Eubacteriaceae
2024-07-20 20:22:07.443295 INFO::Fitting model to feature number 360, Clostridiales.Family.XVI..Incertae.Sedis
2024-07-20 20:22:07.450349 INFO::Fitting model to feature number 361, Clostridiales.Family.XVII..Incertae.Sedis
2024-07-20 20:22:07.457495 INFO::Fitting model to feature number 362, Eubacteriales.Family.XIII..Incertae.Sedis
2024-07-20 20:22:07.464616 INFO::Fitting model to feature number 363, Oscillospiraceae
2024-07-20 20:22:07.472054 INFO::Fitting model to feature number 364, Lachnospiraceae
2024-07-20 20:22:07.478708 INFO::Fitting model to feature number 365, Peptostreptococcaceae
2024-07-20 20:22:07.485705 INFO::Fitting model to feature number 366, Clostridiaceae
2024-07-20 20:22:07.49208 INFO::Fitting model to feature number 367, Sporolactobacillaceae
2024-07-20 20:22:07.498448 INFO::Fitting model to feature number 368, Thermoactinomycetaceae
2024-07-20 20:22:07.504753 INFO::Fitting model to feature number 369, Alicyclobacillaceae
2024-07-20 20:22:07.511127 INFO::Fitting model to feature number 370, Bacillales.Family.X..Incertae.Sedis
2024-07-20 20:22:07.517339 INFO::Fitting model to feature number 371, Gemellaceae
2024-07-20 20:22:07.523597 INFO::Fitting model to feature number 372, Listeriaceae
2024-07-20 20:22:07.530138 INFO::Fitting model to feature number 373, Paenibacillaceae
2024-07-20 20:22:07.536794 INFO::Fitting model to feature number 374, Planococcaceae
2024-07-20 20:22:07.543246 INFO::Fitting model to feature number 375, Bacillaceae
2024-07-20 20:22:07.549527 INFO::Fitting model to feature number 376, Staphylococcaceae
2024-07-20 20:22:07.556009 INFO::Fitting model to feature number 377, Aerococcaceae
2024-07-20 20:22:07.562935 INFO::Fitting model to feature number 378, Carnobacteriaceae
2024-07-20 20:22:07.569373 INFO::Fitting model to feature number 379, Lactobacillaceae
2024-07-20 20:22:07.575743 INFO::Fitting model to feature number 380, Enterococcaceae
2024-07-20 20:22:07.582215 INFO::Fitting model to feature number 381, Streptococcaceae
2024-07-20 20:22:07.588753 INFO::Fitting model to feature number 382, Hydrogenophilaceae
2024-07-20 20:22:07.595227 INFO::Fitting model to feature number 383, Mariprofundaceae
2024-07-20 20:22:07.601708 INFO::Fitting model to feature number 384, Acidithiobacillaceae
2024-07-20 20:22:07.608041 INFO::Fitting model to feature number 385, Ferrovaceae
2024-07-20 20:22:07.614248 INFO::Fitting model to feature number 386, Casimicrobiaceae
2024-07-20 20:22:07.620512 INFO::Fitting model to feature number 387, Sulfuricellaceae
2024-07-20 20:22:07.626897 INFO::Fitting model to feature number 388, Thiobacillaceae
2024-07-20 20:22:07.633359 INFO::Fitting model to feature number 389, Usitatibacteraceae
2024-07-20 20:22:07.639554 INFO::Fitting model to feature number 390, Gallionellaceae
2024-07-20 20:22:07.645777 INFO::Fitting model to feature number 391, Methylophilaceae
2024-07-20 20:22:07.652156 INFO::Fitting model to feature number 392, Sterolibacteriaceae
2024-07-20 20:22:07.658401 INFO::Fitting model to feature number 393, Nitrosomonadaceae
2024-07-20 20:22:07.664574 INFO::Fitting model to feature number 394, Fluviibacteraceae
2024-07-20 20:22:07.670714 INFO::Fitting model to feature number 395, Azonexaceae
2024-07-20 20:22:07.676777 INFO::Fitting model to feature number 396, Rhodocyclaceae
2024-07-20 20:22:07.683022 INFO::Fitting model to feature number 397, Zoogloeaceae
2024-07-20 20:22:07.689197 INFO::Fitting model to feature number 398, Aquaspirillaceae
2024-07-20 20:22:07.695373 INFO::Fitting model to feature number 399, Chitinibacteraceae
2024-07-20 20:22:07.701441 INFO::Fitting model to feature number 400, Chromobacteriaceae
2024-07-20 20:22:07.70754 INFO::Fitting model to feature number 401, Neisseriaceae
2024-07-20 20:22:07.713743 INFO::Fitting model to feature number 402, Sutterellaceae
2024-07-20 20:22:07.722941 INFO::Fitting model to feature number 403, Sphaerotilaceae
2024-07-20 20:22:07.732264 INFO::Fitting model to feature number 404, Oxalobacteraceae
2024-07-20 20:22:07.742131 INFO::Fitting model to feature number 405, Alcaligenaceae
2024-07-20 20:22:07.751995 INFO::Fitting model to feature number 406, Burkholderiaceae
2024-07-20 20:22:07.760724 INFO::Fitting model to feature number 407, Comamonadaceae
2024-07-20 20:22:07.77027 INFO::Fitting model to feature number 408, Magnetococcaceae
2024-07-20 20:22:07.78042 INFO::Fitting model to feature number 409, Sneathiellaceae
2024-07-20 20:22:07.790531 INFO::Fitting model to feature number 410, Geminicoccaceae
2024-07-20 20:22:07.798044 INFO::Fitting model to feature number 411, Minwuiaceae
2024-07-20 20:22:07.805942 INFO::Fitting model to feature number 412, Emcibacteraceae
2024-07-20 20:22:07.813329 INFO::Fitting model to feature number 413, Parvularculaceae
2024-07-20 20:22:07.819802 INFO::Fitting model to feature number 414, Temperatibacteraceae
2024-07-20 20:22:07.826209 INFO::Fitting model to feature number 415, Kordiimonadaceae
2024-07-20 20:22:07.832556 INFO::Fitting model to feature number 416, Maricaulaceae
2024-07-20 20:22:07.839011 INFO::Fitting model to feature number 417, Hyphomonadaceae
2024-07-20 20:22:07.845311 INFO::Fitting model to feature number 418, Candidatus.Pelagibacteraceae
2024-07-20 20:22:07.85151 INFO::Fitting model to feature number 419, Candidatus.Paracaedibacteraceae
2024-07-20 20:22:07.857907 INFO::Fitting model to feature number 420, Caedimonadaceae
2024-07-20 20:22:07.864233 INFO::Fitting model to feature number 421, Holosporaceae
2024-07-20 20:22:07.870562 INFO::Fitting model to feature number 422, Candidatus.Midichloriaceae
2024-07-20 20:22:07.876893 INFO::Fitting model to feature number 423, Candidatus.Deianiraeaceae
2024-07-20 20:22:07.883157 INFO::Fitting model to feature number 424, Rickettsiaceae
2024-07-20 20:22:07.889467 INFO::Fitting model to feature number 425, Anaplasmataceae
2024-07-20 20:22:07.895919 INFO::Fitting model to feature number 426, Novispirillaceae
2024-07-20 20:22:07.902185 INFO::Fitting model to feature number 427, Terasakiellaceae
2024-07-20 20:22:07.908736 INFO::Fitting model to feature number 428, Kiloniellaceae
2024-07-20 20:22:07.915116 INFO::Fitting model to feature number 429, Magnetovibrionaceae
2024-07-20 20:22:07.921511 INFO::Fitting model to feature number 430, Magnetospirillaceae
2024-07-20 20:22:07.93269 INFO::Fitting model to feature number 431, Elioraeaceae
2024-07-20 20:22:07.938808 INFO::Fitting model to feature number 432, Stellaceae
2024-07-20 20:22:07.944817 INFO::Fitting model to feature number 433, Dongiaceae
2024-07-20 20:22:07.950941 INFO::Fitting model to feature number 434, Thalassobaculaceae
2024-07-20 20:22:07.957114 INFO::Fitting model to feature number 435, Thalassospiraceae
2024-07-20 20:22:07.963496 INFO::Fitting model to feature number 436, Rhodospirillaceae
2024-07-20 20:22:07.969683 INFO::Fitting model to feature number 437, Acetobacteraceae
2024-07-20 20:22:07.976908 INFO::Fitting model to feature number 438, Azospirillaceae
2024-07-20 20:22:07.983112 INFO::Fitting model to feature number 439, Zymomonadaceae
2024-07-20 20:22:07.991428 INFO::Fitting model to feature number 440, Sphingosinicellaceae
2024-07-20 20:22:07.997924 INFO::Fitting model to feature number 441, Erythrobacteraceae
2024-07-20 20:22:08.00425 INFO::Fitting model to feature number 442, Sphingomonadaceae
2024-07-20 20:22:08.010525 INFO::Fitting model to feature number 443, Roseobacteraceae
2024-07-20 20:22:08.016689 INFO::Fitting model to feature number 444, Paracoccaceae
2024-07-20 20:22:08.022952 INFO::Fitting model to feature number 445, Caulobacteraceae
2024-07-20 20:22:08.029298 INFO::Fitting model to feature number 446, Lichenihabitantaceae
2024-07-20 20:22:08.035411 INFO::Fitting model to feature number 447, Kaistiaceae
2024-07-20 20:22:08.041729 INFO::Fitting model to feature number 448, Amorphaceae
2024-07-20 20:22:08.047981 INFO::Fitting model to feature number 449, Blastochloridaceae
2024-07-20 20:22:08.05429 INFO::Fitting model to feature number 450, Beijerinckiaceae
2024-07-20 20:22:08.060548 INFO::Fitting model to feature number 451, Parvibaculaceae
2024-07-20 20:22:08.066826 INFO::Fitting model to feature number 452, Breoghaniaceae
2024-07-20 20:22:08.07314 INFO::Fitting model to feature number 453, Chelatococcaceae
2024-07-20 20:22:08.079443 INFO::Fitting model to feature number 454, Phreatobacteraceae
2024-07-20 20:22:08.085611 INFO::Fitting model to feature number 455, Cohaesibacteraceae
2024-07-20 20:22:08.09207 INFO::Fitting model to feature number 456, Pleomorphomonadaceae
2024-07-20 20:22:08.098345 INFO::Fitting model to feature number 457, Hyphomicrobiaceae
2024-07-20 20:22:08.104606 INFO::Fitting model to feature number 458, Aurantimonadaceae
2024-07-20 20:22:08.110825 INFO::Fitting model to feature number 459, Stappiaceae
2024-07-20 20:22:08.117108 INFO::Fitting model to feature number 460, Brucellaceae
2024-07-20 20:22:08.123362 INFO::Fitting model to feature number 461, Methylocystaceae
2024-07-20 20:22:08.129593 INFO::Fitting model to feature number 462, Bartonellaceae
2024-07-20 20:22:08.136067 INFO::Fitting model to feature number 463, Devosiaceae
2024-07-20 20:22:08.142554 INFO::Fitting model to feature number 464, Xanthobacteraceae
2024-07-20 20:22:08.148892 INFO::Fitting model to feature number 465, Boseaceae
2024-07-20 20:22:08.155131 INFO::Fitting model to feature number 466, Phyllobacteriaceae
2024-07-20 20:22:08.161404 INFO::Fitting model to feature number 467, Methylobacteriaceae
2024-07-20 20:22:08.168001 INFO::Fitting model to feature number 468, Rhizobiaceae
2024-07-20 20:22:08.174257 INFO::Fitting model to feature number 469, Nitrobacteraceae
2024-07-20 20:22:08.18057 INFO::Fitting model to feature number 470, Candidatus.Comchoanobacteraceae
2024-07-20 20:22:08.186678 INFO::Fitting model to feature number 471, Steroidobacteraceae
2024-07-20 20:22:08.192896 INFO::Fitting model to feature number 472, Thiohalomonadaceae
2024-07-20 20:22:08.19911 INFO::Fitting model to feature number 473, Immundisolibacteraceae
2024-07-20 20:22:08.20527 INFO::Fitting model to feature number 474, Salinisphaeraceae
2024-07-20 20:22:08.211563 INFO::Fitting model to feature number 475, Kangiellaceae
2024-07-20 20:22:08.217764 INFO::Fitting model to feature number 476, Nevskiaceae
2024-07-20 20:22:08.223919 INFO::Fitting model to feature number 477, Thiohalobacteraceae
2024-07-20 20:22:08.230184 INFO::Fitting model to feature number 478, Acidiferrobacteraceae
2024-07-20 20:22:08.236268 INFO::Fitting model to feature number 479, Ignatzschineriaceae
2024-07-20 20:22:08.243781 INFO::Fitting model to feature number 480, Cardiobacteriaceae
2024-07-20 20:22:08.250046 INFO::Fitting model to feature number 481, Orbaceae
2024-07-20 20:22:08.256451 INFO::Fitting model to feature number 482, Candidatus.Competibacteraceae
2024-07-20 20:22:08.262792 INFO::Fitting model to feature number 483, Celerinatantimonadaceae
2024-07-20 20:22:08.269024 INFO::Fitting model to feature number 484, Methylothermaceae
2024-07-20 20:22:08.276828 INFO::Fitting model to feature number 485, Methylococcaceae
2024-07-20 20:22:08.283074 INFO::Fitting model to feature number 486, Halieaceae
2024-07-20 20:22:08.289422 INFO::Fitting model to feature number 487, Spongiibacteraceae
2024-07-20 20:22:08.295955 INFO::Fitting model to feature number 488, Microbulbiferaceae
2024-07-20 20:22:08.302159 INFO::Fitting model to feature number 489, Cellvibrionaceae
2024-07-20 20:22:08.308385 INFO::Fitting model to feature number 490, Coxiellaceae
2024-07-20 20:22:08.314719 INFO::Fitting model to feature number 491, Legionellaceae
2024-07-20 20:22:08.321019 INFO::Fitting model to feature number 492, Fastidiosibacteraceae
2024-07-20 20:22:08.328574 INFO::Fitting model to feature number 493, Thiotrichaceae
2024-07-20 20:22:08.337047 INFO::Fitting model to feature number 494, Piscirickettsiaceae
2024-07-20 20:22:08.343297 INFO::Fitting model to feature number 495, Francisellaceae
2024-07-20 20:22:08.349442 INFO::Fitting model to feature number 496, Wenzhouxiangellaceae
2024-07-20 20:22:08.355577 INFO::Fitting model to feature number 497, Halothiobacillaceae
2024-07-20 20:22:08.361752 INFO::Fitting model to feature number 498, Woeseiaceae
2024-07-20 20:22:08.367948 INFO::Fitting model to feature number 499, Thioalkalibacteraceae
2024-07-20 20:22:08.374175 INFO::Fitting model to feature number 500, Sedimenticolaceae
2024-07-20 20:22:08.381215 INFO::Fitting model to feature number 501, Granulosicoccaceae
2024-07-20 20:22:08.387392 INFO::Fitting model to feature number 502, Ectothiorhodospiraceae
2024-07-20 20:22:08.393645 INFO::Fitting model to feature number 503, Chromatiaceae
2024-07-20 20:22:08.399959 INFO::Fitting model to feature number 504, Pasteurellaceae
2024-07-20 20:22:08.406201 INFO::Fitting model to feature number 505, Oleiphilaceae
2024-07-20 20:22:08.412381 INFO::Fitting model to feature number 506, Pleioneaceae
2024-07-20 20:22:08.418631 INFO::Fitting model to feature number 507, Litorivicinaceae
2024-07-20 20:22:08.424908 INFO::Fitting model to feature number 508, Zooshikellaceae
2024-07-20 20:22:08.431155 INFO::Fitting model to feature number 509, Saccharospirillaceae
2024-07-20 20:22:08.437438 INFO::Fitting model to feature number 510, Alcanivoracaceae
2024-07-20 20:22:08.443934 INFO::Fitting model to feature number 511, Endozoicomonadaceae
2024-07-20 20:22:08.450306 INFO::Fitting model to feature number 512, Hahellaceae
2024-07-20 20:22:08.456593 INFO::Fitting model to feature number 513, Oceanospirillaceae
2024-07-20 20:22:08.462804 INFO::Fitting model to feature number 514, Halomonadaceae
2024-07-20 20:22:08.46925 INFO::Fitting model to feature number 515, Moraxellaceae
2024-07-20 20:22:08.476695 INFO::Fitting model to feature number 516, Psychromonadaceae
2024-07-20 20:22:08.482893 INFO::Fitting model to feature number 517, Moritellaceae
2024-07-20 20:22:08.490146 INFO::Fitting model to feature number 518, Ferrimonadaceae
2024-07-20 20:22:08.496948 INFO::Fitting model to feature number 519, Idiomarinaceae
2024-07-20 20:22:08.503331 INFO::Fitting model to feature number 520, Alteromonadaceae
2024-07-20 20:22:08.511442 INFO::Fitting model to feature number 521, Colwelliaceae
2024-07-20 20:22:08.518155 INFO::Fitting model to feature number 522, Pseudoalteromonadaceae
2024-07-20 20:22:08.524397 INFO::Fitting model to feature number 523, Shewanellaceae
2024-07-20 20:22:08.530566 INFO::Fitting model to feature number 524, Vibrionaceae
2024-07-20 20:22:08.536664 INFO::Fitting model to feature number 525, Rhodanobacteraceae
2024-07-20 20:22:08.542914 INFO::Fitting model to feature number 526, Xanthomonadaceae
2024-07-20 20:22:08.549205 INFO::Fitting model to feature number 527, Pseudohongiellaceae
2024-07-20 20:22:08.555515 INFO::Fitting model to feature number 528, Ketobacteraceae
2024-07-20 20:22:08.561943 INFO::Fitting model to feature number 529, Marinobacteraceae
2024-07-20 20:22:08.568272 INFO::Fitting model to feature number 530, Pseudomonadaceae
2024-07-20 20:22:08.574534 INFO::Fitting model to feature number 531, Succinivibrionaceae
2024-07-20 20:22:08.580863 INFO::Fitting model to feature number 532, Aeromonadaceae
2024-07-20 20:22:08.587076 INFO::Fitting model to feature number 533, Budviciaceae
2024-07-20 20:22:08.593369 INFO::Fitting model to feature number 534, Bruguierivoracaceae
2024-07-20 20:22:08.599556 INFO::Fitting model to feature number 535, Pectobacteriaceae
2024-07-20 20:22:08.605979 INFO::Fitting model to feature number 536, Hafniaceae
2024-07-20 20:22:08.612327 INFO::Fitting model to feature number 537, Yersiniaceae
2024-07-20 20:22:08.618529 INFO::Fitting model to feature number 538, Erwiniaceae
2024-07-20 20:22:08.624739 INFO::Fitting model to feature number 539, Morganellaceae
2024-07-20 20:22:08.630972 INFO::Fitting model to feature number 540, Enterobacteriaceae
2024-07-20 20:22:08.637255 INFO::Fitting model to feature number 541, Brassicaceae
2024-07-20 20:22:08.643565 INFO::Fitting model to feature number 542, Geminigeraceae
2024-07-20 20:22:08.649763 INFO::Fitting model to feature number 543, Hemiselmidaceae
2024-07-20 20:22:08.655946 INFO::Fitting model to feature number 544, Cryptomonadaceae
2024-07-20 20:22:08.662122 INFO::Fitting model to feature number 545, Acytosteliaceae
2024-07-20 20:22:08.668279 INFO::Fitting model to feature number 546, Dictyosteliaceae
2024-07-20 20:22:08.674491 INFO::Fitting model to feature number 547, Vahlkampfiidae
2024-07-20 20:22:08.680803 INFO::Fitting model to feature number 548, Trypanosomatidae
2024-07-20 20:22:08.686968 INFO::Fitting model to feature number 549, Hexamitidae
2024-07-20 20:22:08.693216 INFO::Fitting model to feature number 550, Trichomonadidae
2024-07-20 20:22:08.699397 INFO::Fitting model to feature number 551, Phaeodactylaceae
2024-07-20 20:22:08.705723 INFO::Fitting model to feature number 552, Thalassiosiraceae
2024-07-20 20:22:08.711898 INFO::Fitting model to feature number 553, Parameciidae
2024-07-20 20:22:08.718224 INFO::Fitting model to feature number 554, Cryptosporidiidae
2024-07-20 20:22:08.724756 INFO::Fitting model to feature number 555, Sarcocystidae
2024-07-20 20:22:08.736629 INFO::Fitting model to feature number 556, Theileriidae
2024-07-20 20:22:08.743783 INFO::Fitting model to feature number 557, Babesiidae
2024-07-20 20:22:08.75135 INFO::Fitting model to feature number 558, Plasmodiidae
2024-07-20 20:22:08.758514 INFO::Fitting model to feature number 559, Unikaryonidae
2024-07-20 20:22:08.767933 INFO::Fitting model to feature number 560, Malasseziaceae
2024-07-20 20:22:08.776938 INFO::Fitting model to feature number 561, Ustilaginaceae
2024-07-20 20:22:08.786694 INFO::Fitting model to feature number 562, Trichosporonaceae
2024-07-20 20:22:08.793991 INFO::Fitting model to feature number 563, Cryptococcaceae
2024-07-20 20:22:08.800832 INFO::Fitting model to feature number 564, Ceratobasidiaceae
2024-07-20 20:22:08.808819 INFO::Fitting model to feature number 565, Marasmiaceae
2024-07-20 20:22:08.816102 INFO::Fitting model to feature number 566, Strophariaceae
2024-07-20 20:22:08.822936 INFO::Fitting model to feature number 567, Pucciniaceae
2024-07-20 20:22:08.829954 INFO::Fitting model to feature number 568, Schizosaccharomycetaceae
2024-07-20 20:22:08.842389 INFO::Fitting model to feature number 569, Phaffomycetaceae
2024-07-20 20:22:08.848664 INFO::Fitting model to feature number 570, Dipodascaceae
2024-07-20 20:22:08.855164 INFO::Fitting model to feature number 571, Saccharomycodaceae
2024-07-20 20:22:08.861675 INFO::Fitting model to feature number 572, Pichiaceae
2024-07-20 20:22:08.868364 INFO::Fitting model to feature number 573, Trichomonascaceae
2024-07-20 20:22:08.874534 INFO::Fitting model to feature number 574, Metschnikowiaceae
2024-07-20 20:22:08.880644 INFO::Fitting model to feature number 575, Debaryomycetaceae
2024-07-20 20:22:08.886769 INFO::Fitting model to feature number 576, Saccharomycetaceae
2024-07-20 20:22:08.89299 INFO::Fitting model to feature number 577, Didymellaceae
2024-07-20 20:22:08.899547 INFO::Fitting model to feature number 578, Mycosphaerellaceae
2024-07-20 20:22:08.90577 INFO::Fitting model to feature number 579, Trichocomaceae
2024-07-20 20:22:08.912362 INFO::Fitting model to feature number 580, Aspergillaceae
2024-07-20 20:22:08.919094 INFO::Fitting model to feature number 581, Sclerotiniaceae
2024-07-20 20:22:08.925606 INFO::Fitting model to feature number 582, Sordariaceae
2024-07-20 20:22:08.93242 INFO::Fitting model to feature number 583, Chaetomiaceae
2024-07-20 20:22:08.938972 INFO::Fitting model to feature number 584, Pyriculariaceae
2024-07-20 20:22:08.945332 INFO::Fitting model to feature number 585, Glomerellaceae
2024-07-20 20:22:08.952429 INFO::Fitting model to feature number 586, Hypocreaceae
2024-07-20 20:22:08.958913 INFO::Fitting model to feature number 587, Cordycipitaceae
2024-07-20 20:22:08.964988 INFO::Fitting model to feature number 588, Clavicipitaceae
2024-07-20 20:22:08.970802 INFO::Fitting model to feature number 589, Ophiocordycipitaceae
2024-07-20 20:22:08.976689 INFO::Fitting model to feature number 590, Nectriaceae
2024-07-20 20:22:08.982645 INFO::Fitting model to feature number 591, Candidatus.Nanohalobiaceae
2024-07-20 20:22:08.988791 INFO::Fitting model to feature number 592, Nanobdellaceae
2024-07-20 20:22:08.994886 INFO::Fitting model to feature number 593, Candidatus.Micrarchaeaceae
2024-07-20 20:22:09.0008 INFO::Fitting model to feature number 594, Candidatus.Prometheoarchaeaceae
2024-07-20 20:22:09.006791 INFO::Fitting model to feature number 595, Methanomethylophilaceae
2024-07-20 20:22:09.013256 INFO::Fitting model to feature number 596, Methanomassiliicoccaceae
2024-07-20 20:22:09.020645 INFO::Fitting model to feature number 597, Picrophilaceae
2024-07-20 20:22:09.027396 INFO::Fitting model to feature number 598, Thermoplasmataceae
2024-07-20 20:22:09.03505 INFO::Fitting model to feature number 599, Cuniculiplasmataceae
2024-07-20 20:22:09.041406 INFO::Fitting model to feature number 600, Ferroplasmaceae
2024-07-20 20:22:09.047681 INFO::Fitting model to feature number 601, Conexivisphaeraceae
2024-07-20 20:22:09.053941 INFO::Fitting model to feature number 602, Candidatus.Nitrosocaldaceae
2024-07-20 20:22:09.060315 INFO::Fitting model to feature number 603, Nitrososphaeraceae
2024-07-20 20:22:09.066704 INFO::Fitting model to feature number 604, Nitrosopumilaceae
2024-07-20 20:22:09.073097 INFO::Fitting model to feature number 605, Fervidicoccaceae
2024-07-20 20:22:09.079427 INFO::Fitting model to feature number 606, Thermoproteaceae
2024-07-20 20:22:09.085679 INFO::Fitting model to feature number 607, Thermofilaceae
2024-07-20 20:22:09.092171 INFO::Fitting model to feature number 608, Acidilobaceae
2024-07-20 20:22:09.098507 INFO::Fitting model to feature number 609, Caldisphaeraceae
2024-07-20 20:22:09.104812 INFO::Fitting model to feature number 610, Desulfurococcaceae
2024-07-20 20:22:09.111327 INFO::Fitting model to feature number 611, Pyrodictiaceae
2024-07-20 20:22:09.117819 INFO::Fitting model to feature number 612, Sulfolobaceae
2024-07-20 20:22:09.124443 INFO::Fitting model to feature number 613, Candidatus.Methanoliparaceae
2024-07-20 20:22:09.13081 INFO::Fitting model to feature number 614, Methanonatronarchaeaceae
2024-07-20 20:22:09.137381 INFO::Fitting model to feature number 615, Archaeoglobaceae
2024-07-20 20:22:09.143654 INFO::Fitting model to feature number 616, Thermococcaceae
2024-07-20 20:22:09.149921 INFO::Fitting model to feature number 617, Methanopyraceae
2024-07-20 20:22:09.156404 INFO::Fitting model to feature number 618, Methanothermaceae
2024-07-20 20:22:09.162871 INFO::Fitting model to feature number 619, Methanobacteriaceae
2024-07-20 20:22:09.169127 INFO::Fitting model to feature number 620, Methanocaldococcaceae
2024-07-20 20:22:09.175371 INFO::Fitting model to feature number 621, Methanococcaceae
2024-07-20 20:22:09.181584 INFO::Fitting model to feature number 622, Methanocellaceae
2024-07-20 20:22:09.18786 INFO::Fitting model to feature number 623, Methanotrichaceae
2024-07-20 20:22:09.194037 INFO::Fitting model to feature number 624, Methanocorpusculaceae
2024-07-20 20:22:09.200569 INFO::Fitting model to feature number 625, Methanospirillaceae
2024-07-20 20:22:09.206862 INFO::Fitting model to feature number 626, Methanoregulaceae
2024-07-20 20:22:09.2131 INFO::Fitting model to feature number 627, Methanomicrobiaceae
2024-07-20 20:22:09.219451 INFO::Fitting model to feature number 628, Methanosarcinaceae
2024-07-20 20:22:09.225785 INFO::Fitting model to feature number 629, Haloferacaceae
2024-07-20 20:22:09.232245 INFO::Fitting model to feature number 630, Halorubraceae
2024-07-20 20:22:09.238589 INFO::Fitting model to feature number 631, Natrialbaceae
2024-07-20 20:22:09.246055 INFO::Fitting model to feature number 632, Halococcaceae
2024-07-20 20:22:09.252336 INFO::Fitting model to feature number 633, Natronoarchaeaceae
2024-07-20 20:22:09.258447 INFO::Fitting model to feature number 634, Halobacteriaceae
2024-07-20 20:22:09.26462 INFO::Fitting model to feature number 635, Haladaptataceae
2024-07-20 20:22:09.270986 INFO::Fitting model to feature number 636, Haloarculaceae
2024-07-20 20:22:09.277366 INFO::Fitting model to feature number 637, Thaspiviridae
2024-07-20 20:22:09.283528 INFO::Fitting model to feature number 638, Ampullaviridae
2024-07-20 20:22:09.289775 INFO::Fitting model to feature number 639, Fuselloviridae
2024-07-20 20:22:09.296127 INFO::Fitting model to feature number 640, Tolecusatellitidae
2024-07-20 20:22:09.302351 INFO::Fitting model to feature number 641, Anelloviridae
2024-07-20 20:22:09.308635 INFO::Fitting model to feature number 642, Sphaerolipoviridae
2024-07-20 20:22:09.314855 INFO::Fitting model to feature number 643, Inoviridae
2024-07-20 20:22:09.321226 INFO::Fitting model to feature number 644, Portogloboviridae
2024-07-20 20:22:09.327454 INFO::Fitting model to feature number 645, Alphasatellitidae
2024-07-20 20:22:09.333704 INFO::Fitting model to feature number 646, Pleolipoviridae
2024-07-20 20:22:09.340121 INFO::Fitting model to feature number 647, Microviridae
2024-07-20 20:22:09.346368 INFO::Fitting model to feature number 648, Lipothrixviridae
2024-07-20 20:22:09.352737 INFO::Fitting model to feature number 649, Rudiviridae
2024-07-20 20:22:09.359249 INFO::Fitting model to feature number 650, Polydnaviriformidae
2024-07-20 20:22:09.365806 INFO::Fitting model to feature number 651, Bicaudaviridae
2024-07-20 20:22:09.372102 INFO::Fitting model to feature number 652, Nimaviridae
2024-07-20 20:22:09.378364 INFO::Fitting model to feature number 653, Nudiviridae
2024-07-20 20:22:09.384755 INFO::Fitting model to feature number 654, Hytrosaviridae
2024-07-20 20:22:09.390975 INFO::Fitting model to feature number 655, Baculoviridae
2024-07-20 20:22:09.397201 INFO::Fitting model to feature number 656, Birnaviridae
2024-07-20 20:22:09.40352 INFO::Fitting model to feature number 657, Chrysoviridae
2024-07-20 20:22:09.411371 INFO::Fitting model to feature number 658, Totiviridae
2024-07-20 20:22:09.418048 INFO::Fitting model to feature number 659, Spinareoviridae
2024-07-20 20:22:09.424816 INFO::Fitting model to feature number 660, Sedoreoviridae
2024-07-20 20:22:09.431482 INFO::Fitting model to feature number 661, Mitoviridae
2024-07-20 20:22:09.438225 INFO::Fitting model to feature number 662, Steitzviridae
2024-07-20 20:22:09.445096 INFO::Fitting model to feature number 663, Atkinsviridae
2024-07-20 20:22:09.451819 INFO::Fitting model to feature number 664, Fiersviridae
2024-07-20 20:22:09.458761 INFO::Fitting model to feature number 665, Astroviridae
2024-07-20 20:22:09.465141 INFO::Fitting model to feature number 666, Potyviridae
2024-07-20 20:22:09.471804 INFO::Fitting model to feature number 667, Fusariviridae
2024-07-20 20:22:09.478299 INFO::Fitting model to feature number 668, Amalgaviridae
2024-07-20 20:22:09.484706 INFO::Fitting model to feature number 669, Hypoviridae
2024-07-20 20:22:09.491261 INFO::Fitting model to feature number 670, Caliciviridae
2024-07-20 20:22:09.497897 INFO::Fitting model to feature number 671, Polycipiviridae
2024-07-20 20:22:09.504373 INFO::Fitting model to feature number 672, Solinviviridae
2024-07-20 20:22:09.510717 INFO::Fitting model to feature number 673, Marnaviridae
2024-07-20 20:22:09.517099 INFO::Fitting model to feature number 674, Dicistroviridae
2024-07-20 20:22:09.523512 INFO::Fitting model to feature number 675, Secoviridae
2024-07-20 20:22:09.529961 INFO::Fitting model to feature number 676, Picornaviridae
2024-07-20 20:22:09.536704 INFO::Fitting model to feature number 677, Iflaviridae
2024-07-20 20:22:09.543369 INFO::Fitting model to feature number 678, Olifoviridae
2024-07-20 20:22:09.549917 INFO::Fitting model to feature number 679, Mononiviridae
2024-07-20 20:22:09.557705 INFO::Fitting model to feature number 680, Arteriviridae
2024-07-20 20:22:09.564593 INFO::Fitting model to feature number 681, Roniviridae
2024-07-20 20:22:09.572437 INFO::Fitting model to feature number 682, Mesoniviridae
2024-07-20 20:22:09.578879 INFO::Fitting model to feature number 683, Tobaniviridae
2024-07-20 20:22:09.586002 INFO::Fitting model to feature number 684, Coronaviridae
2024-07-20 20:22:09.592927 INFO::Fitting model to feature number 685, Solemoviridae
2024-07-20 20:22:09.600456 INFO::Fitting model to feature number 686, Sinhaliviridae
2024-07-20 20:22:09.607889 INFO::Fitting model to feature number 687, Tombusviridae
2024-07-20 20:22:09.614815 INFO::Fitting model to feature number 688, Flaviviridae
2024-07-20 20:22:09.628082 INFO::Fitting model to feature number 689, Betaflexiviridae
2024-07-20 20:22:09.637872 INFO::Fitting model to feature number 690, Alphaflexiviridae
2024-07-20 20:22:09.64918 INFO::Fitting model to feature number 691, Tymoviridae
2024-07-20 20:22:09.659518 INFO::Fitting model to feature number 692, Bromoviridae
2024-07-20 20:22:09.668762 INFO::Fitting model to feature number 693, Kitaviridae
2024-07-20 20:22:09.678728 INFO::Fitting model to feature number 694, Virgaviridae
2024-07-20 20:22:09.686768 INFO::Fitting model to feature number 695, Togaviridae
2024-07-20 20:22:09.693287 INFO::Fitting model to feature number 696, Endornaviridae
2024-07-20 20:22:09.699635 INFO::Fitting model to feature number 697, Closteroviridae
2024-07-20 20:22:09.709416 INFO::Fitting model to feature number 698, Hepeviridae
2024-07-20 20:22:09.717071 INFO::Fitting model to feature number 699, Benyviridae
2024-07-20 20:22:09.723844 INFO::Fitting model to feature number 700, Matonaviridae
2024-07-20 20:22:09.730326 INFO::Fitting model to feature number 701, Orthomyxoviridae
2024-07-20 20:22:09.736724 INFO::Fitting model to feature number 702, Fimoviridae
2024-07-20 20:22:09.743313 INFO::Fitting model to feature number 703, Phenuiviridae
2024-07-20 20:22:09.749986 INFO::Fitting model to feature number 704, Phasmaviridae
2024-07-20 20:22:09.756691 INFO::Fitting model to feature number 705, Arenaviridae
2024-07-20 20:22:09.763173 INFO::Fitting model to feature number 706, Discoviridae
2024-07-20 20:22:09.777865 INFO::Fitting model to feature number 707, Tospoviridae
2024-07-20 20:22:09.785575 INFO::Fitting model to feature number 708, Hantaviridae
2024-07-20 20:22:09.792642 INFO::Fitting model to feature number 709, Peribunyaviridae
2024-07-20 20:22:09.800489 INFO::Fitting model to feature number 710, Nairoviridae
2024-07-20 20:22:09.807687 INFO::Fitting model to feature number 711, Chuviridae
2024-07-20 20:22:09.815176 INFO::Fitting model to feature number 712, Aliusviridae
2024-07-20 20:22:09.822446 INFO::Fitting model to feature number 713, Xinmoviridae
2024-07-20 20:22:09.830174 INFO::Fitting model to feature number 714, Filoviridae
2024-07-20 20:22:09.839049 INFO::Fitting model to feature number 715, Pneumoviridae
2024-07-20 20:22:09.846816 INFO::Fitting model to feature number 716, Sunviridae
2024-07-20 20:22:09.854109 INFO::Fitting model to feature number 717, Bornaviridae
2024-07-20 20:22:09.863014 INFO::Fitting model to feature number 718, Lispiviridae
2024-07-20 20:22:09.870583 INFO::Fitting model to feature number 719, Nyamiviridae
2024-07-20 20:22:09.87792 INFO::Fitting model to feature number 720, Paramyxoviridae
2024-07-20 20:22:09.884557 INFO::Fitting model to feature number 721, Rhabdoviridae
2024-07-20 20:22:09.891639 INFO::Fitting model to feature number 722, Hepadnaviridae
2024-07-20 20:22:09.898156 INFO::Fitting model to feature number 723, Caulimoviridae
2024-07-20 20:22:09.904925 INFO::Fitting model to feature number 724, Retroviridae
2024-07-20 20:22:09.911823 INFO::Fitting model to feature number 725, Adintoviridae
2024-07-20 20:22:09.918243 INFO::Fitting model to feature number 726, Lavidaviridae
2024-07-20 20:22:09.924939 INFO::Fitting model to feature number 727, Skuldviridae
2024-07-20 20:22:09.931731 INFO::Fitting model to feature number 728, Turriviridae
2024-07-20 20:22:09.938938 INFO::Fitting model to feature number 729, Tectiviridae
2024-07-20 20:22:09.945183 INFO::Fitting model to feature number 730, Adenoviridae
2024-07-20 20:22:09.951273 INFO::Fitting model to feature number 731, Asfarviridae
2024-07-20 20:22:09.957717 INFO::Fitting model to feature number 732, Poxviridae
2024-07-20 20:22:09.964474 INFO::Fitting model to feature number 733, Ascoviridae
2024-07-20 20:22:09.971601 INFO::Fitting model to feature number 734, Marseilleviridae
2024-07-20 20:22:09.980012 INFO::Fitting model to feature number 735, Iridoviridae
2024-07-20 20:22:09.990214 INFO::Fitting model to feature number 736, Phycodnaviridae
2024-07-20 20:22:10.000243 INFO::Fitting model to feature number 737, Schizomimiviridae
2024-07-20 20:22:10.010172 INFO::Fitting model to feature number 738, Allomimiviridae
2024-07-20 20:22:10.018972 INFO::Fitting model to feature number 739, Mimiviridae
2024-07-20 20:22:10.026764 INFO::Fitting model to feature number 740, Malacoherpesviridae
2024-07-20 20:22:10.034958 INFO::Fitting model to feature number 741, Alloherpesviridae
2024-07-20 20:22:10.04159 INFO::Fitting model to feature number 742, Orthoherpesviridae
2024-07-20 20:22:10.048541 INFO::Fitting model to feature number 743, Graaviviridae
2024-07-20 20:22:10.055897 INFO::Fitting model to feature number 744, Forsetiviridae
2024-07-20 20:22:10.063577 INFO::Fitting model to feature number 745, Pervagoviridae
2024-07-20 20:22:10.070954 INFO::Fitting model to feature number 746, Ahpuchviridae
2024-07-20 20:22:10.077295 INFO::Fitting model to feature number 747, Suolaviridae
2024-07-20 20:22:10.083818 INFO::Fitting model to feature number 748, Winoviridae
2024-07-20 20:22:10.090404 INFO::Fitting model to feature number 749, Halomagnusviridae
2024-07-20 20:22:10.09727 INFO::Fitting model to feature number 750, Soleiviridae
2024-07-20 20:22:10.103627 INFO::Fitting model to feature number 751, Hafunaviridae
2024-07-20 20:22:10.110301 INFO::Fitting model to feature number 752, Zobellviridae
2024-07-20 20:22:10.116623 INFO::Fitting model to feature number 753, Pachyviridae
2024-07-20 20:22:10.122889 INFO::Fitting model to feature number 754, Saparoviridae
2024-07-20 20:22:10.129491 INFO::Fitting model to feature number 755, Grimontviridae
2024-07-20 20:22:10.135812 INFO::Fitting model to feature number 756, Guelinviridae
2024-07-20 20:22:10.142982 INFO::Fitting model to feature number 757, Chaseviridae
2024-07-20 20:22:10.150463 INFO::Fitting model to feature number 758, Vilmaviridae
2024-07-20 20:22:10.157986 INFO::Fitting model to feature number 759, Assiduviridae
2024-07-20 20:22:10.164505 INFO::Fitting model to feature number 760, Verdandiviridae
2024-07-20 20:22:10.17158 INFO::Fitting model to feature number 761, Mesyanzhinovviridae
2024-07-20 20:22:10.178656 INFO::Fitting model to feature number 762, Demerecviridae
2024-07-20 20:22:10.18908 INFO::Fitting model to feature number 763, Salasmaviridae
2024-07-20 20:22:10.2004 INFO::Fitting model to feature number 764, Aliceevansviridae
2024-07-20 20:22:10.208327 INFO::Fitting model to feature number 765, Stanwilliamsviridae
2024-07-20 20:22:10.215686 INFO::Fitting model to feature number 766, Orlajensenviridae
2024-07-20 20:22:10.222682 INFO::Fitting model to feature number 767, Duneviridae
2024-07-20 20:22:10.229893 INFO::Fitting model to feature number 768, Zierdtviridae
2024-07-20 20:22:10.236369 INFO::Fitting model to feature number 769, Schitoviridae
2024-07-20 20:22:10.243044 INFO::Fitting model to feature number 770, Autographiviridae
2024-07-20 20:22:10.250226 INFO::Fitting model to feature number 771, Kyanoviridae
2024-07-20 20:22:10.257237 INFO::Fitting model to feature number 772, Ackermannviridae
2024-07-20 20:22:10.265941 INFO::Fitting model to feature number 773, Drexlerviridae
2024-07-20 20:22:10.274121 INFO::Fitting model to feature number 774, Crevaviridae
2024-07-20 20:22:10.280634 INFO::Fitting model to feature number 775, Intestiviridae
2024-07-20 20:22:10.286967 INFO::Fitting model to feature number 776, Steigviridae
2024-07-20 20:22:10.293289 INFO::Fitting model to feature number 777, Suoliviridae
2024-07-20 20:22:10.299797 INFO::Fitting model to feature number 778, Straboviridae
2024-07-20 20:22:10.306175 INFO::Fitting model to feature number 779, Herelleviridae
2024-07-20 20:22:10.312509 INFO::Fitting model to feature number 780, Casjensviridae
2024-07-20 20:22:10.319009 INFO::Fitting model to feature number 781, Peduoviridae
2024-07-20 20:22:10.325417 INFO::Fitting model to feature number 782, Rountreeviridae
2024-07-20 20:22:10.331966 INFO::Fitting model to feature number 783, Bacilladnaviridae
2024-07-20 20:22:10.338218 INFO::Fitting model to feature number 784, Nanoviridae
2024-07-20 20:22:10.344802 INFO::Fitting model to feature number 785, Circoviridae
2024-07-20 20:22:10.351092 INFO::Fitting model to feature number 786, Genomoviridae
2024-07-20 20:22:10.3575 INFO::Fitting model to feature number 787, Geminiviridae
2024-07-20 20:22:10.364334 INFO::Fitting model to feature number 788, Polyomaviridae
2024-07-20 20:22:10.3706 INFO::Fitting model to feature number 789, Papillomaviridae
2024-07-20 20:22:10.376895 INFO::Fitting model to feature number 790, Parvoviridae
2024-07-20 20:22:10.501355 INFO::Counting total values for each feature
2024-07-20 20:22:10.557908 INFO::Writing filtered data to file MaAsLin2_results/family/features/filtered_data.tsv
2024-07-20 20:22:10.581825 INFO::Writing filtered, normalized data to file MaAsLin2_results/family/features/filtered_data_norm.tsv
2024-07-20 20:22:10.638796 INFO::Writing filtered, normalized, transformed data to file MaAsLin2_results/family/features/filtered_data_norm_transformed.tsv
2024-07-20 20:22:10.697685 INFO::Writing residuals to file MaAsLin2_results/family/fits/residuals.rds
2024-07-20 20:22:10.709809 INFO::Writing fitted values to file MaAsLin2_results/family/fits/fitted.rds
2024-07-20 20:22:10.715769 INFO::Writing all results to file (ordered by increasing q-values): MaAsLin2_results/family/all_results.tsv
2024-07-20 20:22:10.743659 INFO::Writing the significant results (those which are less than or equal to the threshold of 0.050000 ) to file (ordered by increasing q-values): MaAsLin2_results/family/significant_results.tsv
2024-07-20 20:22:10.74862 INFO::Writing heatmap of significant results to file: MaAsLin2_results/family/heatmap.pdf
2024-07-20 20:22:10.759541 INFO::Writing association plots (one for each significant association) to output folder: MaAsLin2_results/family
