Densovirinae_sp._isolate_RBHC_VM_1	Densovirinae_sp._isolate_RBHC_VM_1	100	1	1
Densovirinae_sp._isolate_RBHC_VM_1	Densovirinae_sp._isolate_RBHC_NN_5	99.882	1	1
Densovirinae_sp._isolate_RBHC_VM_1	Densovirinae_sp._isolate_RBHC_NN_3	99.8548	1	1
Densovirinae_sp._isolate_RBHC_VM_1	Densovirinae_sp._isolate_RBHC_VM_2	99.7854	1	1
Densovirinae_sp._isolate_RBHC_VM_1	Densovirinae_sp._isolate_RBHC_NN_1	99.757	1	1
Densovirinae_sp._isolate_RBHC_VM_1	Densovirinae_sp._isolate_RBHC_VM_5	99.7427	1	1
Densovirinae_sp._isolate_RBHC_VM_1	Densovirinae_sp._isolate_RBHC_VM_4	99.6245	1	1
Densovirinae_sp._isolate_RBHC_VM_1	Densovirinae_sp._isolate_RBHC_VM_3	99.5785	1	1
Densovirinae_sp._isolate_RBHC_VM_1	Densovirinae_sp._isolate_RBHC_NN_2	99.3848	1	1
Densovirinae_sp._isolate_RBHC_VM_1	Densovirinae_sp._isolate_RBHC_NN_4	98.9222	1	1
Densovirinae_sp._isolate_RBHC_VM_2	Densovirinae_sp._isolate_RBHC_VM_2	100	1	1
Densovirinae_sp._isolate_RBHC_VM_2	Densovirinae_sp._isolate_RBHC_VM_4	99.8134	1	1
Densovirinae_sp._isolate_RBHC_VM_2	Densovirinae_sp._isolate_RBHC_VM_1	99.7854	1	1
Densovirinae_sp._isolate_RBHC_VM_2	Densovirinae_sp._isolate_RBHC_VM_5	99.7282	1	1
Densovirinae_sp._isolate_RBHC_VM_2	Densovirinae_sp._isolate_RBHC_VM_3	99.7137	1	1
Densovirinae_sp._isolate_RBHC_VM_2	Densovirinae_sp._isolate_RBHC_NN_1	99.7137	1	1
Densovirinae_sp._isolate_RBHC_VM_2	Densovirinae_sp._isolate_RBHC_NN_5	99.6991	1	1
Densovirinae_sp._isolate_RBHC_VM_2	Densovirinae_sp._isolate_RBHC_NN_3	99.6843	1	1
Densovirinae_sp._isolate_RBHC_VM_2	Densovirinae_sp._isolate_RBHC_NN_2	99.563	1	1
Densovirinae_sp._isolate_RBHC_VM_2	Densovirinae_sp._isolate_RBHC_NN_4	98.9825	1	1
Densovirinae_sp._isolate_RBHC_VM_3	Densovirinae_sp._isolate_RBHC_VM_3	100	1	1
Densovirinae_sp._isolate_RBHC_VM_3	Densovirinae_sp._isolate_RBHC_NN_1	99.9579	1	1
Densovirinae_sp._isolate_RBHC_VM_3	Densovirinae_sp._isolate_RBHC_VM_4	99.915	1	1
Densovirinae_sp._isolate_RBHC_VM_3	Densovirinae_sp._isolate_RBHC_VM_1	99.9005	1	1
Densovirinae_sp._isolate_RBHC_VM_3	Densovirinae_sp._isolate_RBHC_NN_3	99.8858	1	1
Densovirinae_sp._isolate_RBHC_VM_3	Densovirinae_sp._isolate_RBHC_NN_4	99.8711	1	1
Densovirinae_sp._isolate_RBHC_VM_3	Densovirinae_sp._isolate_RBHC_VM_5	99.8563	1	1
Densovirinae_sp._isolate_RBHC_VM_3	Densovirinae_sp._isolate_RBHC_NN_2	99.8414	1	1
Densovirinae_sp._isolate_RBHC_VM_3	Densovirinae_sp._isolate_RBHC_NN_5	99.8112	1	1
Densovirinae_sp._isolate_RBHC_VM_3	Densovirinae_sp._isolate_RBHC_VM_2	99.7807	1	1
Densovirinae_sp._isolate_RBHC_VM_4	Densovirinae_sp._isolate_RBHC_VM_4	100	1	1
Densovirinae_sp._isolate_RBHC_VM_4	Densovirinae_sp._isolate_RBHC_NN_1	99.881	1	1
Densovirinae_sp._isolate_RBHC_VM_4	Densovirinae_sp._isolate_RBHC_VM_2	99.8118	1	1
Densovirinae_sp._isolate_RBHC_VM_4	Densovirinae_sp._isolate_RBHC_VM_3	99.7977	1	1
Densovirinae_sp._isolate_RBHC_VM_4	Densovirinae_sp._isolate_RBHC_NN_3	99.7692	1	1
Densovirinae_sp._isolate_RBHC_VM_4	Densovirinae_sp._isolate_RBHC_NN_2	99.7404	1	1
Densovirinae_sp._isolate_RBHC_VM_4	Densovirinae_sp._isolate_RBHC_VM_5	99.6364	1	1
Densovirinae_sp._isolate_RBHC_VM_4	Densovirinae_sp._isolate_RBHC_VM_1	99.6057	1	1
Densovirinae_sp._isolate_RBHC_VM_4	Densovirinae_sp._isolate_RBHC_NN_5	99.5273	1	1
Densovirinae_sp._isolate_RBHC_VM_4	Densovirinae_sp._isolate_RBHC_NN_4	99.1654	1	1
Densovirinae_sp._isolate_RBHC_VM_5	Densovirinae_sp._isolate_RBHC_VM_5	100	1	1
Densovirinae_sp._isolate_RBHC_VM_5	Densovirinae_sp._isolate_RBHC_VM_1	99.5135	1	1
Densovirinae_sp._isolate_RBHC_VM_5	Densovirinae_sp._isolate_RBHC_VM_2	99.5135	1	1
Densovirinae_sp._isolate_RBHC_VM_5	Densovirinae_sp._isolate_RBHC_NN_1	99.5135	1	1
Densovirinae_sp._isolate_RBHC_VM_5	Densovirinae_sp._isolate_RBHC_NN_3	99.4813	1	1
Densovirinae_sp._isolate_RBHC_VM_5	Densovirinae_sp._isolate_RBHC_VM_4	99.4321	1	1
Densovirinae_sp._isolate_RBHC_VM_5	Densovirinae_sp._isolate_RBHC_NN_5	99.4321	1	1
Densovirinae_sp._isolate_RBHC_VM_5	Densovirinae_sp._isolate_RBHC_VM_3	99.3478	1	1
Densovirinae_sp._isolate_RBHC_VM_5	Densovirinae_sp._isolate_RBHC_NN_2	99.2957	1	1
Densovirinae_sp._isolate_RBHC_VM_5	Densovirinae_sp._isolate_RBHC_NN_4	98.7034	1	1
Densovirinae_sp._isolate_RBHC_NN_1	Densovirinae_sp._isolate_RBHC_NN_1	100	1	1
Densovirinae_sp._isolate_RBHC_NN_1	Densovirinae_sp._isolate_RBHC_NN_3	99.895	1	1
Densovirinae_sp._isolate_RBHC_NN_1	Densovirinae_sp._isolate_RBHC_VM_4	99.8815	1	1
Densovirinae_sp._isolate_RBHC_NN_1	Densovirinae_sp._isolate_RBHC_VM_1	99.7415	1	1
Densovirinae_sp._isolate_RBHC_NN_1	Densovirinae_sp._isolate_RBHC_VM_5	99.7415	1	1
Densovirinae_sp._isolate_RBHC_NN_1	Densovirinae_sp._isolate_RBHC_VM_3	99.727	1	1
Densovirinae_sp._isolate_RBHC_NN_1	Densovirinae_sp._isolate_RBHC_VM_2	99.7124	1	1
Densovirinae_sp._isolate_RBHC_NN_1	Densovirinae_sp._isolate_RBHC_NN_5	99.6531	1	1
Densovirinae_sp._isolate_RBHC_NN_1	Densovirinae_sp._isolate_RBHC_NN_2	99.638	1	1
Densovirinae_sp._isolate_RBHC_NN_1	Densovirinae_sp._isolate_RBHC_NN_4	99.1695	1	1
Densovirinae_sp._isolate_RBHC_NN_2	Densovirinae_sp._isolate_RBHC_NN_2	100	1	1
Densovirinae_sp._isolate_RBHC_NN_2	Densovirinae_sp._isolate_RBHC_NN_4	99.9717	1	1
Densovirinae_sp._isolate_RBHC_NN_2	Densovirinae_sp._isolate_RBHC_NN_1	99.8843	1	1
Densovirinae_sp._isolate_RBHC_NN_2	Densovirinae_sp._isolate_RBHC_VM_5	99.8843	1	1
Densovirinae_sp._isolate_RBHC_NN_2	Densovirinae_sp._isolate_RBHC_VM_3	99.8239	1	1
Densovirinae_sp._isolate_RBHC_NN_2	Densovirinae_sp._isolate_RBHC_VM_4	99.8239	1	1
Densovirinae_sp._isolate_RBHC_NN_2	Densovirinae_sp._isolate_RBHC_VM_1	99.8086	1	1
Densovirinae_sp._isolate_RBHC_NN_2	Densovirinae_sp._isolate_RBHC_NN_3	99.7931	1	1
Densovirinae_sp._isolate_RBHC_NN_2	Densovirinae_sp._isolate_RBHC_NN_5	99.7302	1	1
Densovirinae_sp._isolate_RBHC_NN_2	Densovirinae_sp._isolate_RBHC_VM_2	99.698	1	1
Densovirinae_sp._isolate_RBHC_NN_3	Densovirinae_sp._isolate_RBHC_NN_3	100	1	1
Densovirinae_sp._isolate_RBHC_NN_3	Densovirinae_sp._isolate_RBHC_NN_1	99.895	1	1
Densovirinae_sp._isolate_RBHC_NN_3	Densovirinae_sp._isolate_RBHC_VM_1	99.8404	1	1
Densovirinae_sp._isolate_RBHC_NN_3	Densovirinae_sp._isolate_RBHC_NN_5	99.7702	1	1
Densovirinae_sp._isolate_RBHC_NN_3	Densovirinae_sp._isolate_RBHC_VM_4	99.7702	1	1
Densovirinae_sp._isolate_RBHC_NN_3	Densovirinae_sp._isolate_RBHC_VM_5	99.7124	1	1
Densovirinae_sp._isolate_RBHC_NN_3	Densovirinae_sp._isolate_RBHC_VM_3	99.6977	1	1
Densovirinae_sp._isolate_RBHC_NN_3	Densovirinae_sp._isolate_RBHC_VM_2	99.683	1	1
Densovirinae_sp._isolate_RBHC_NN_3	Densovirinae_sp._isolate_RBHC_NN_2	99.5135	1	1
Densovirinae_sp._isolate_RBHC_NN_3	Densovirinae_sp._isolate_RBHC_NN_4	99.0366	1	1
Densovirinae_sp._isolate_RBHC_NN_4	Densovirinae_sp._isolate_RBHC_NN_4	100	1	1
Densovirinae_sp._isolate_RBHC_NN_4	Densovirinae_sp._isolate_RBHC_NN_1	99.8932	1	1
Densovirinae_sp._isolate_RBHC_NN_4	Densovirinae_sp._isolate_RBHC_NN_2	99.8794	1	1
Densovirinae_sp._isolate_RBHC_NN_4	Densovirinae_sp._isolate_RBHC_VM_4	99.8656	1	1
Densovirinae_sp._isolate_RBHC_NN_4	Densovirinae_sp._isolate_RBHC_NN_3	99.7516	1	1
Densovirinae_sp._isolate_RBHC_NN_4	Densovirinae_sp._isolate_RBHC_VM_5	99.7369	1	1
Densovirinae_sp._isolate_RBHC_NN_4	Densovirinae_sp._isolate_RBHC_VM_3	99.7222	1	1
Densovirinae_sp._isolate_RBHC_NN_4	Densovirinae_sp._isolate_RBHC_VM_2	99.6923	1	1
Densovirinae_sp._isolate_RBHC_NN_4	Densovirinae_sp._isolate_RBHC_NN_5	99.6468	1	1
Densovirinae_sp._isolate_RBHC_NN_4	Densovirinae_sp._isolate_RBHC_VM_1	99.6314	1	1
Densovirinae_sp._isolate_RBHC_NN_5	Densovirinae_sp._isolate_RBHC_NN_5	100	1	1
Densovirinae_sp._isolate_RBHC_NN_5	Densovirinae_sp._isolate_RBHC_VM_1	99.9743	1	1
Densovirinae_sp._isolate_RBHC_NN_5	Densovirinae_sp._isolate_RBHC_NN_3	99.882	1	1
Densovirinae_sp._isolate_RBHC_NN_5	Densovirinae_sp._isolate_RBHC_VM_2	99.8134	1	1
Densovirinae_sp._isolate_RBHC_NN_5	Densovirinae_sp._isolate_RBHC_NN_1	99.7712	1	1
Densovirinae_sp._isolate_RBHC_NN_5	Densovirinae_sp._isolate_RBHC_VM_5	99.757	1	1
Densovirinae_sp._isolate_RBHC_NN_5	Densovirinae_sp._isolate_RBHC_VM_4	99.6396	1	1
Densovirinae_sp._isolate_RBHC_NN_5	Densovirinae_sp._isolate_RBHC_VM_3	99.5939	1	1
Densovirinae_sp._isolate_RBHC_NN_5	Densovirinae_sp._isolate_RBHC_NN_2	99.4015	1	1
Densovirinae_sp._isolate_RBHC_NN_5	Densovirinae_sp._isolate_RBHC_NN_4	99.0414	1	1
