2024-07-20 20:24:19.414408 INFO::Writing function arguments to log file
2024-07-20 20:24:19.433351 DEBUG::Function arguments
2024-07-20 20:24:19.447654 DEBUG::Output folder: MaAsLin2_results/phylum
2024-07-20 20:24:19.449307 DEBUG::Min Abundance: 0.000000
2024-07-20 20:24:19.450893 DEBUG::Min Prevalence: 0.010000
2024-07-20 20:24:19.452464 DEBUG::Normalization: TSS
2024-07-20 20:24:19.454091 DEBUG::Transform: LOG
2024-07-20 20:24:19.455649 DEBUG::Analysis method: LM
2024-07-20 20:24:19.457311 DEBUG::Max significance: 0.050000
2024-07-20 20:24:19.45928 DEBUG::Random effects:
2024-07-20 20:24:19.460992 DEBUG::Fixed effects: Group
2024-07-20 20:24:19.462544 DEBUG::Correction method: BH
2024-07-20 20:24:19.464091 DEBUG::Standardize: TRUE
2024-07-20 20:24:19.469983 DEBUG::Cores: 1
2024-07-20 20:24:19.471456 INFO::Verifying options selected are valid
2024-07-20 20:24:19.526338 INFO::Determining format of input files
2024-07-20 20:24:19.529622 INFO::Input format is data samples as rows and metadata samples as rows
2024-07-20 20:24:19.534366 DEBUG::A total of 10 samples were found in both the data and metadata
2024-07-20 20:24:19.536588 DEBUG::Reordering data/metadata to use same sample ordering
2024-07-20 20:24:19.539472 INFO::Formula for fixed effects: expr ~  Group
2024-07-20 20:24:19.544052 INFO::Filter data based on min abundance and min prevalence
2024-07-20 20:24:19.54683 INFO::Total samples in data: 10
2024-07-20 20:24:19.550485 INFO::Min samples required with min abundance for a feature not to be filtered: 0.100000
2024-07-20 20:24:19.55585 INFO::Total filtered features: 0
2024-07-20 20:24:19.558895 INFO::Filtered feature names from abundance and prevalence filtering:
2024-07-20 20:24:19.574592 INFO::Total filtered features with variance filtering: 0
2024-07-20 20:24:19.577527 INFO::Filtered feature names from variance filtering:
2024-07-20 20:24:19.580379 INFO::Running selected normalization method: TSS
2024-07-20 20:24:20.965999 INFO::Applying z-score to standardize continuous metadata
2024-07-20 20:24:20.996344 INFO::Running selected transform method: LOG
2024-07-20 20:24:21.003622 INFO::Running selected analysis method: LM
2024-07-20 20:24:21.016889 INFO::Fitting model to feature number 1, Coprothermobacterota
2024-07-20 20:24:21.031902 INFO::Fitting model to feature number 2, Candidatus.Fervidibacteria
2024-07-20 20:24:21.039458 INFO::Fitting model to feature number 3, Nitrospinota
2024-07-20 20:24:21.046726 INFO::Fitting model to feature number 4, Chrysiogenota
2024-07-20 20:24:21.053714 INFO::Fitting model to feature number 5, Calditrichota
2024-07-20 20:24:21.060369 INFO::Fitting model to feature number 6, Caldisericota
2024-07-20 20:24:21.067313 INFO::Fitting model to feature number 7, Atribacterota
2024-07-20 20:24:21.074176 INFO::Fitting model to feature number 8, Thermodesulfobiota
2024-07-20 20:24:21.081518 INFO::Fitting model to feature number 9, Elusimicrobiota
2024-07-20 20:24:21.088632 INFO::Fitting model to feature number 10, Dictyoglomota
2024-07-20 20:24:21.153553 INFO::Fitting model to feature number 11, Synergistota
2024-07-20 20:24:21.160158 INFO::Fitting model to feature number 12, Nitrospirota
2024-07-20 20:24:21.166419 INFO::Fitting model to feature number 13, Candidatus.Absconditabacteria
2024-07-20 20:24:21.172713 INFO::Fitting model to feature number 14, Candidatus.Bipolaricaulota
2024-07-20 20:24:21.179073 INFO::Fitting model to feature number 15, Candidatus.Saccharibacteria
2024-07-20 20:24:21.187482 INFO::Fitting model to feature number 16, Aquificota
2024-07-20 20:24:21.194049 INFO::Fitting model to feature number 17, Deferribacterota
2024-07-20 20:24:21.200337 INFO::Fitting model to feature number 18, Bdellovibrionota
2024-07-20 20:24:21.207719 INFO::Fitting model to feature number 19, Thermotogota
2024-07-20 20:24:21.218516 INFO::Fitting model to feature number 20, Acidobacteriota
2024-07-20 20:24:21.228462 INFO::Fitting model to feature number 21, Thermodesulfobacteriota
2024-07-20 20:24:21.238543 INFO::Fitting model to feature number 22, Spirochaetota
2024-07-20 20:24:21.248402 INFO::Fitting model to feature number 23, Myxococcota
2024-07-20 20:24:21.259251 INFO::Fitting model to feature number 24, Fusobacteriota
2024-07-20 20:24:21.269883 INFO::Fitting model to feature number 25, Campylobacterota
2024-07-20 20:24:21.279997 INFO::Fitting model to feature number 26, Candidatus.Omnitrophota
2024-07-20 20:24:21.290097 INFO::Fitting model to feature number 27, Lentisphaerota
2024-07-20 20:24:21.300209 INFO::Fitting model to feature number 28, Kiritimatiellota
2024-07-20 20:24:21.308093 INFO::Fitting model to feature number 29, Verrucomicrobiota
2024-07-20 20:24:21.462086 INFO::Fitting model to feature number 30, Planctomycetota
2024-07-20 20:24:21.469315 INFO::Fitting model to feature number 31, Chlamydiota
2024-07-20 20:24:21.477637 INFO::Fitting model to feature number 32, Fibrobacterota
2024-07-20 20:24:21.48559 INFO::Fitting model to feature number 33, Candidatus.Cloacimonadota
2024-07-20 20:24:21.493457 INFO::Fitting model to feature number 34, Gemmatimonadota
2024-07-20 20:24:21.500166 INFO::Fitting model to feature number 35, Balneolota
2024-07-20 20:24:21.507624 INFO::Fitting model to feature number 36, Rhodothermota
2024-07-20 20:24:21.515012 INFO::Fitting model to feature number 37, Ignavibacteriota
2024-07-20 20:24:21.521516 INFO::Fitting model to feature number 38, Chlorobiota
2024-07-20 20:24:21.528397 INFO::Fitting model to feature number 39, Bacteroidota
2024-07-20 20:24:21.536482 INFO::Fitting model to feature number 40, Vulcanimicrobiota
2024-07-20 20:24:21.543545 INFO::Fitting model to feature number 41, Armatimonadota
2024-07-20 20:24:21.550221 INFO::Fitting model to feature number 42, Thermomicrobiota
2024-07-20 20:24:21.55669 INFO::Fitting model to feature number 43, Chloroflexota
2024-07-20 20:24:21.562911 INFO::Fitting model to feature number 44, Deinococcota
2024-07-20 20:24:21.569191 INFO::Fitting model to feature number 45, Cyanobacteriota
2024-07-20 20:24:21.575403 INFO::Fitting model to feature number 46, Mycoplasmatota
2024-07-20 20:24:21.582556 INFO::Fitting model to feature number 47, Actinomycetota
2024-07-20 20:24:21.588971 INFO::Fitting model to feature number 48, Bacillota
2024-07-20 20:24:21.595181 INFO::Fitting model to feature number 49, Pseudomonadota
2024-07-20 20:24:21.602273 INFO::Fitting model to feature number 50, Streptophyta
2024-07-20 20:24:21.608665 INFO::Fitting model to feature number 51, Evosea
2024-07-20 20:24:21.615624 INFO::Fitting model to feature number 52, Heterolobosea
2024-07-20 20:24:21.624253 INFO::Fitting model to feature number 53, Euglenozoa
2024-07-20 20:24:21.632041 INFO::Fitting model to feature number 54, Fornicata
2024-07-20 20:24:21.639919 INFO::Fitting model to feature number 55, Parabasalia
2024-07-20 20:24:21.649679 INFO::Fitting model to feature number 56, Cercozoa
2024-07-20 20:24:21.659155 INFO::Fitting model to feature number 57, Bacillariophyta
2024-07-20 20:24:21.668696 INFO::Fitting model to feature number 58, Ciliophora
2024-07-20 20:24:21.678039 INFO::Fitting model to feature number 59, Apicomplexa
2024-07-20 20:24:21.687391 INFO::Fitting model to feature number 60, Microsporidia
2024-07-20 20:24:21.696176 INFO::Fitting model to feature number 61, Basidiomycota
2024-07-20 20:24:21.704378 INFO::Fitting model to feature number 62, Ascomycota
2024-07-20 20:24:21.713069 INFO::Fitting model to feature number 63, Candidatus.Korarchaeota
2024-07-20 20:24:21.721567 INFO::Fitting model to feature number 64, Candidatus.Nanohaloarchaeota
2024-07-20 20:24:21.73047 INFO::Fitting model to feature number 65, Nanoarchaeota
2024-07-20 20:24:21.739188 INFO::Fitting model to feature number 66, Candidatus.Micrarchaeota
2024-07-20 20:24:21.748048 INFO::Fitting model to feature number 67, Candidatus.Lokiarchaeota
2024-07-20 20:24:21.756781 INFO::Fitting model to feature number 68, Candidatus.Thermoplasmatota
2024-07-20 20:24:21.767176 INFO::Fitting model to feature number 69, Nitrososphaerota
2024-07-20 20:24:21.778434 INFO::Fitting model to feature number 70, Thermoproteota
2024-07-20 20:24:21.787099 INFO::Fitting model to feature number 71, Euryarchaeota
2024-07-20 20:24:21.798383 INFO::Fitting model to feature number 72, Dividoviricota
2024-07-20 20:24:21.807291 INFO::Fitting model to feature number 73, Hofneiviricota
2024-07-20 20:24:21.81568 INFO::Fitting model to feature number 74, Saleviricota
2024-07-20 20:24:21.824533 INFO::Fitting model to feature number 75, Phixviricota
2024-07-20 20:24:21.832873 INFO::Fitting model to feature number 76, Taleaviricota
2024-07-20 20:24:21.843314 INFO::Fitting model to feature number 77, Duplornaviricota
2024-07-20 20:24:21.851461 INFO::Fitting model to feature number 78, Lenarviricota
2024-07-20 20:24:21.859778 INFO::Fitting model to feature number 79, Pisuviricota
2024-07-20 20:24:21.867693 INFO::Fitting model to feature number 80, Kitrinoviricota
2024-07-20 20:24:21.875948 INFO::Fitting model to feature number 81, Negarnaviricota
2024-07-20 20:24:21.884041 INFO::Fitting model to feature number 82, Artverviricota
2024-07-20 20:24:21.892496 INFO::Fitting model to feature number 83, Preplasmiviricota
2024-07-20 20:24:21.900809 INFO::Fitting model to feature number 84, Nucleocytoviricota
2024-07-20 20:24:21.909121 INFO::Fitting model to feature number 85, Peploviricota
2024-07-20 20:24:21.917127 INFO::Fitting model to feature number 86, Uroviricota
2024-07-20 20:24:21.925594 INFO::Fitting model to feature number 87, Cressdnaviricota
2024-07-20 20:24:21.933582 INFO::Fitting model to feature number 88, Cossaviricota
2024-07-20 20:24:21.975319 INFO::Counting total values for each feature
2024-07-20 20:24:21.989249 INFO::Writing filtered data to file MaAsLin2_results/phylum/features/filtered_data.tsv
2024-07-20 20:24:21.997579 INFO::Writing filtered, normalized data to file MaAsLin2_results/phylum/features/filtered_data_norm.tsv
2024-07-20 20:24:22.007237 INFO::Writing filtered, normalized, transformed data to file MaAsLin2_results/phylum/features/filtered_data_norm_transformed.tsv
2024-07-20 20:24:22.029214 INFO::Writing residuals to file MaAsLin2_results/phylum/fits/residuals.rds
2024-07-20 20:24:22.033977 INFO::Writing fitted values to file MaAsLin2_results/phylum/fits/fitted.rds
2024-07-20 20:24:22.039171 INFO::Writing all results to file (ordered by increasing q-values): MaAsLin2_results/phylum/all_results.tsv
2024-07-20 20:24:22.047437 INFO::Writing the significant results (those which are less than or equal to the threshold of 0.050000 ) to file (ordered by increasing q-values): MaAsLin2_results/phylum/significant_results.tsv
2024-07-20 20:24:22.053804 INFO::Writing heatmap of significant results to file: MaAsLin2_results/phylum/heatmap.pdf
2024-07-20 20:24:22.060602 INFO::Writing association plots (one for each significant association) to output folder: MaAsLin2_results/phylum
